2019-09-21 18:12:46,946 INFO o.a.j.u.JMeterUtils: Setting Locale to en_EN
2019-09-21 18:12:47,032 INFO o.a.j.JMeter: Loading user properties from: /usr/local/Cellar/jmeter/5.1.1/libexec/bin/user.properties
2019-09-21 18:12:47,033 INFO o.a.j.JMeter: Loading system properties from: /usr/local/Cellar/jmeter/5.1.1/libexec/bin/system.properties
2019-09-21 18:12:47,050 INFO o.a.j.JMeter: Copyright (c) 1998-2019 The Apache Software Foundation
2019-09-21 18:12:47,050 INFO o.a.j.JMeter: Version 5.1.1 r1855137
2019-09-21 18:12:47,051 INFO o.a.j.JMeter: java.version=10.0.1
2019-09-21 18:12:47,051 INFO o.a.j.JMeter: java.vm.name=Java HotSpot(TM) 64-Bit Server VM
2019-09-21 18:12:47,051 INFO o.a.j.JMeter: os.name=Mac OS X
2019-09-21 18:12:47,051 INFO o.a.j.JMeter: os.arch=x86_64
2019-09-21 18:12:47,051 INFO o.a.j.JMeter: os.version=10.14.3
2019-09-21 18:12:47,051 INFO o.a.j.JMeter: file.encoding=UTF-8
2019-09-21 18:12:47,051 INFO o.a.j.JMeter: java.awt.headless=null
2019-09-21 18:12:47,052 INFO o.a.j.JMeter: Max memory     =1073741824
2019-09-21 18:12:47,052 INFO o.a.j.JMeter: Available Processors =4
2019-09-21 18:12:47,074 INFO o.a.j.JMeter: Default Locale=English (EN)
2019-09-21 18:12:47,075 INFO o.a.j.JMeter: JMeter  Locale=English (EN)
2019-09-21 18:12:47,076 INFO o.a.j.JMeter: JMeterHome=/usr/local/Cellar/jmeter/5.1.1/libexec
2019-09-21 18:12:47,076 INFO o.a.j.JMeter: user.dir  =/Users/tetianakorchak/Documents/jmeter
2019-09-21 18:12:47,077 INFO o.a.j.JMeter: PWD       =/Users/tetianakorchak/Documents/jmeter
2019-09-21 18:12:47,081 INFO o.a.j.JMeter: IP: 192.168.1.77 Name: Tetianas-MacBook-Air.local FullName: 192.168.1.77
2019-09-21 18:12:50,667 INFO o.a.j.g.a.LookAndFeelCommand: Installing Darcula LAF
2019-09-21 18:12:50,683 INFO o.a.j.g.a.LookAndFeelCommand: Using look and feel: javax.swing.plaf.metal.MetalLookAndFeel [Darcula]
2019-09-21 18:12:50,684 INFO o.a.j.JMeter: Setting LAF to: javax.swing.plaf.metal.MetalLookAndFeel
2019-09-21 18:12:50,721 INFO o.a.j.JMeter: Loaded icon properties from org/apache/jmeter/images/icon.properties
2019-09-21 18:12:52,584 WARN o.j.r.PluginManager: Found JAR conflict: /usr/local/Cellar/jmeter/5.1.1/libexec/lib/asm-7.0.jar and /usr/local/Cellar/jmeter/5.1.1/libexec/lib/asm-5.0.3.jar
2019-09-21 18:12:52,586 WARN o.j.r.PluginManager: Found JAR conflict: /usr/local/Cellar/jmeter/5.1.1/libexec/lib/commons-beanutils-1.8.3.jar and /usr/local/Cellar/jmeter/5.1.1/libexec/lib/commons-beanutils-1.7.0.jar
2019-09-21 18:12:52,587 WARN o.j.r.PluginManager: Found JAR conflict: /usr/local/Cellar/jmeter/5.1.1/libexec/lib/dnsjava-2.1.8.jar and /usr/local/Cellar/jmeter/5.1.1/libexec/lib/dnsjava-2.1.7.jar
2019-09-21 18:12:52,587 WARN o.j.r.PluginManager: Found JAR conflict: /usr/local/Cellar/jmeter/5.1.1/libexec/lib/guava-19.0.jar and /usr/local/Cellar/jmeter/5.1.1/libexec/lib/guava-11.0.2.jar
2019-09-21 18:12:52,588 WARN o.j.r.PluginManager: Found JAR conflict: /usr/local/Cellar/jmeter/5.1.1/libexec/lib/httpclient-4.5.jar and /usr/local/Cellar/jmeter/5.1.1/libexec/lib/httpclient-4.5.7.jar
2019-09-21 18:12:52,588 WARN o.j.r.PluginManager: Found JAR conflict: /usr/local/Cellar/jmeter/5.1.1/libexec/lib/httpcore-4.4.11.jar and /usr/local/Cellar/jmeter/5.1.1/libexec/lib/httpcore-4.4.1.jar
2019-09-21 18:12:52,588 WARN o.j.r.PluginManager: Found JAR conflict: /usr/local/Cellar/jmeter/5.1.1/libexec/lib/httpmime-4.5.jar and /usr/local/Cellar/jmeter/5.1.1/libexec/lib/httpmime-4.5.7.jar
2019-09-21 18:12:52,589 WARN o.j.r.PluginManager: Found JAR conflict: /usr/local/Cellar/jmeter/5.1.1/libexec/lib/json-path-2.4.0.jar and /usr/local/Cellar/jmeter/5.1.1/libexec/lib/json-path-2.1.0.jar
2019-09-21 18:12:52,589 WARN o.j.r.PluginManager: Found JAR conflict: /usr/local/Cellar/jmeter/5.1.1/libexec/lib/json-smart-2.3.jar and /usr/local/Cellar/jmeter/5.1.1/libexec/lib/json-smart-2.2.jar
2019-09-21 18:12:52,656 INFO o.j.r.JARSourceHTTP: Requesting https://jmeter-plugins.org/repo/?installID=mac_os_x-0fada556740a897c5f14e8e544031963-gui
2019-09-21 18:12:55,628 WARN o.j.r.Plugin: Unable to load class: com.atlantbh.jmeter.plugins.oauth.OAuthSampler
java.lang.NoClassDefFoundError: org/apache/jmeter/protocol/http/sampler/HTTPSampler2
	at java.lang.ClassLoader.defineClass1(Native Method) ~[?:?]
	at java.lang.ClassLoader.defineClass(ClassLoader.java:1009) ~[?:?]
	at java.security.SecureClassLoader.defineClass(SecureClassLoader.java:174) ~[?:?]
	at java.net.URLClassLoader.defineClass(URLClassLoader.java:545) ~[?:?]
	at java.net.URLClassLoader.access$100(URLClassLoader.java:83) ~[?:?]
	at java.net.URLClassLoader$1.run(URLClassLoader.java:453) ~[?:?]
	at java.net.URLClassLoader$1.run(URLClassLoader.java:447) ~[?:?]
	at java.security.AccessController.doPrivileged(Native Method) ~[?:?]
	at java.net.URLClassLoader.findClass(URLClassLoader.java:446) ~[?:?]
	at java.lang.ClassLoader.loadClass(ClassLoader.java:566) ~[?:?]
	at java.lang.ClassLoader.loadClass(ClassLoader.java:499) ~[?:?]
	at org.jmeterplugins.repository.Plugin.getJARPath(Plugin.java:202) [jmeter-plugins-manager-1.3.jar:?]
	at org.jmeterplugins.repository.Plugin.detectInstalledPlugin(Plugin.java:108) [jmeter-plugins-manager-1.3.jar:?]
	at org.jmeterplugins.repository.Plugin.detectInstalled(Plugin.java:97) [jmeter-plugins-manager-1.3.jar:?]
	at org.jmeterplugins.repository.PluginManager.load(PluginManager.java:86) [jmeter-plugins-manager-1.3.jar:?]
	at org.jmeterplugins.repository.PluginManagerMenuItem$1.run(PluginManagerMenuItem.java:41) [jmeter-plugins-manager-1.3.jar:?]
Caused by: java.lang.ClassNotFoundException: org.apache.jmeter.protocol.http.sampler.HTTPSampler2
	at java.net.URLClassLoader.findClass(URLClassLoader.java:466) ~[?:?]
	at java.lang.ClassLoader.loadClass(ClassLoader.java:566) ~[?:?]
	at java.lang.ClassLoader.loadClass(ClassLoader.java:499) ~[?:?]
	... 16 more
2019-09-21 18:12:55,670 WARN o.j.r.Plugin: Unable to load class: kg.apc.jmeter.vizualizers.PageDataExtractorOverTimeGui
java.lang.NoClassDefFoundError: kg/apc/jmeter/CMDLineArgumentsProcessor
	at java.lang.ClassLoader.defineClass1(Native Method) ~[?:?]
	at java.lang.ClassLoader.defineClass(ClassLoader.java:1009) ~[?:?]
	at java.security.SecureClassLoader.defineClass(SecureClassLoader.java:174) ~[?:?]
	at java.net.URLClassLoader.defineClass(URLClassLoader.java:545) ~[?:?]
	at java.net.URLClassLoader.access$100(URLClassLoader.java:83) ~[?:?]
	at java.net.URLClassLoader$1.run(URLClassLoader.java:453) ~[?:?]
	at java.net.URLClassLoader$1.run(URLClassLoader.java:447) ~[?:?]
	at java.security.AccessController.doPrivileged(Native Method) ~[?:?]
	at java.net.URLClassLoader.findClass(URLClassLoader.java:446) ~[?:?]
	at java.lang.ClassLoader.loadClass(ClassLoader.java:566) ~[?:?]
	at java.lang.ClassLoader.loadClass(ClassLoader.java:499) ~[?:?]
	at org.jmeterplugins.repository.Plugin.getJARPath(Plugin.java:202) [jmeter-plugins-manager-1.3.jar:?]
	at org.jmeterplugins.repository.Plugin.detectInstalledPlugin(Plugin.java:108) [jmeter-plugins-manager-1.3.jar:?]
	at org.jmeterplugins.repository.Plugin.detectInstalled(Plugin.java:97) [jmeter-plugins-manager-1.3.jar:?]
	at org.jmeterplugins.repository.PluginManager.load(PluginManager.java:86) [jmeter-plugins-manager-1.3.jar:?]
	at org.jmeterplugins.repository.PluginManagerMenuItem$1.run(PluginManagerMenuItem.java:41) [jmeter-plugins-manager-1.3.jar:?]
Caused by: java.lang.ClassNotFoundException: kg.apc.jmeter.CMDLineArgumentsProcessor
	at java.net.URLClassLoader.findClass(URLClassLoader.java:466) ~[?:?]
	at java.lang.ClassLoader.loadClass(ClassLoader.java:566) ~[?:?]
	at java.lang.ClassLoader.loadClass(ClassLoader.java:499) ~[?:?]
	... 16 more
2019-09-21 18:12:55,696 INFO o.j.r.PluginManager: Plugins Status: [jpgc-graphs-basic=2.0, jpgc-graphs-additional=Extras, jpgc-autostop=Extras, jpgc-dbmon=Extras, jpgc-graphs-dist=Extras, jpgc-ggl=Extras, jpgc-httpraw=Extras, jpgc-sts=Extras, jpgc-hadoop=Hadoop, jpgc-jms=ExtrasLibs, jpgc-jmxmon=Extras, jpgc-json=ExtrasLibs, jpgc-graphs-vs=Extras, jpgc-lockfile=Extras, jpgc-prmctl=Extras, jpgc-plugins-manager=1.3, jpgc-redis=ExtrasLibs, jpgc-webdriver=WebDriver, jpgc-udp=Extras, jpgc-csvars=Extras, jpgc-xml=Extras, jmeter-core=5.1.1, jmeter-ftp=5.1.1, jmeter-http=5.1.1, jmeter-jdbc=5.1.1, jmeter-jms=5.1.1, jmeter-junit=5.1.1, jmeter-java=5.1.1, jmeter-ldap=5.1.1, jmeter-mail=5.1.1, jmeter-mongodb=5.1.1, jmeter-native=5.1.1, jmeter-tcp=5.1.1, jmeter-components=5.1.1]
2019-09-21 18:12:56,547 WARN o.a.j.g.u.MenuFactory: Could not instantiate class: kg.apc.jmeter.vizualizers.MergeResultsGui
java.lang.reflect.InvocationTargetException: null
	at jdk.internal.reflect.NativeConstructorAccessorImpl.newInstance0(Native Method) ~[?:?]
	at jdk.internal.reflect.NativeConstructorAccessorImpl.newInstance(NativeConstructorAccessorImpl.java:62) ~[?:?]
	at jdk.internal.reflect.DelegatingConstructorAccessorImpl.newInstance(DelegatingConstructorAccessorImpl.java:45) ~[?:?]
	at java.lang.reflect.Constructor.newInstance(Constructor.java:488) ~[?:?]
	at org.apache.jmeter.gui.util.MenuFactory.getGUIComponent(MenuFactory.java:174) [ApacheJMeter_core.jar:5.1.1 r1855137]
	at org.apache.jmeter.gui.util.MenuFactory.initializeMenus(MenuFactory.java:141) [ApacheJMeter_core.jar:5.1.1 r1855137]
	at org.apache.jmeter.gui.util.MenuFactory.<clinit>(MenuFactory.java:106) [ApacheJMeter_core.jar:5.1.1 r1855137]
	at org.apache.jmeter.control.gui.TestPlanGui.createPopupMenu(TestPlanGui.java:92) [ApacheJMeter_core.jar:5.1.1 r1855137]
	at org.apache.jmeter.gui.tree.JMeterTreeNode.createPopupMenu(JMeterTreeNode.java:185) [ApacheJMeter_core.jar:5.1.1 r1855137]
	at org.apache.jmeter.gui.action.EditCommand.doAction(EditCommand.java:46) [ApacheJMeter_core.jar:5.1.1 r1855137]
	at org.apache.jmeter.gui.action.ActionRouter.performAction(ActionRouter.java:88) [ApacheJMeter_core.jar:5.1.1 r1855137]
	at org.apache.jmeter.gui.action.ActionRouter.lambda$actionPerformed$0(ActionRouter.java:70) [ApacheJMeter_core.jar:5.1.1 r1855137]
	at java.awt.event.InvocationEvent.dispatch(InvocationEvent.java:313) [?:?]
	at java.awt.EventQueue.dispatchEventImpl(EventQueue.java:770) [?:?]
	at java.awt.EventQueue.access$600(EventQueue.java:97) [?:?]
	at java.awt.EventQueue$4.run(EventQueue.java:721) [?:?]
	at java.awt.EventQueue$4.run(EventQueue.java:715) [?:?]
	at java.security.AccessController.doPrivileged(Native Method) [?:?]
	at java.security.ProtectionDomain$JavaSecurityAccessImpl.doIntersectionPrivilege(ProtectionDomain.java:87) [?:?]
	at java.awt.EventQueue.dispatchEvent(EventQueue.java:740) [?:?]
	at java.awt.EventDispatchThread.pumpOneEventForFilters(EventDispatchThread.java:203) [?:?]
	at java.awt.EventDispatchThread.pumpEventsForFilter(EventDispatchThread.java:124) [?:?]
	at java.awt.EventDispatchThread.pumpEventsForHierarchy(EventDispatchThread.java:113) [?:?]
	at java.awt.EventDispatchThread.pumpEvents(EventDispatchThread.java:109) [?:?]
	at java.awt.EventDispatchThread.pumpEvents(EventDispatchThread.java:101) [?:?]
	at java.awt.EventDispatchThread.run(EventDispatchThread.java:90) [?:?]
Caused by: java.lang.NoClassDefFoundError: org/jmeterplugins/save/MergeResultsService
	at java.lang.Class.getDeclaredMethods0(Native Method) ~[?:?]
	at java.lang.Class.privateGetDeclaredMethods(Class.java:3119) ~[?:?]
	at java.lang.Class.getDeclaredMethod(Class.java:2432) ~[?:?]
	at java.awt.Component.isCoalesceEventsOverriden(Component.java:6274) ~[?:?]
	at java.awt.Component.access$400(Component.java:185) ~[?:?]
	at java.awt.Component$3.run(Component.java:6228) ~[?:?]
	at java.awt.Component$3.run(Component.java:6226) ~[?:?]
	at java.security.AccessController.doPrivileged(Native Method) ~[?:?]
	at java.awt.Component.checkCoalescing(Component.java:6225) ~[?:?]
	at java.awt.Component.<init>(Component.java:6194) ~[?:?]
	at java.awt.Container.<init>(Container.java:294) ~[?:?]
	at javax.swing.JComponent.<init>(JComponent.java:598) ~[?:?]
	at javax.swing.JPanel.<init>(JPanel.java:82) ~[?:?]
	at javax.swing.JPanel.<init>(JPanel.java:109) ~[?:?]
	at javax.swing.JPanel.<init>(JPanel.java:117) ~[?:?]
	at org.apache.jmeter.gui.AbstractJMeterGuiComponent.<init>(AbstractJMeterGuiComponent.java:77) ~[ApacheJMeter_core.jar:5.1.1 r1855137]
	at org.apache.jmeter.visualizers.gui.AbstractListenerGui.<init>(AbstractListenerGui.java:32) ~[ApacheJMeter_core.jar:5.1.1 r1855137]
	at org.apache.jmeter.visualizers.gui.AbstractVisualizer.<init>(AbstractVisualizer.java:127) ~[ApacheJMeter_core.jar:5.1.1 r1855137]
	at kg.apc.jmeter.graphs.AbstractGraphPanelVisualizer.<init>(AbstractGraphPanelVisualizer.java:102) ~[jmeter-plugins-cmn-jmeter-0.4.jar:?]
	at kg.apc.jmeter.vizualizers.MergeResultsGui.<init>(MergeResultsGui.java:141) ~[JMeterPlugins-Extras.jar:?]
	... 26 more
Caused by: java.lang.ClassNotFoundException: org.jmeterplugins.save.MergeResultsService
	at java.net.URLClassLoader.findClass(URLClassLoader.java:466) ~[?:?]
	at java.lang.ClassLoader.loadClass(ClassLoader.java:566) ~[?:?]
	at java.lang.ClassLoader.loadClass(ClassLoader.java:499) ~[?:?]
	at java.lang.Class.getDeclaredMethods0(Native Method) ~[?:?]
	at java.lang.Class.privateGetDeclaredMethods(Class.java:3119) ~[?:?]
	at java.lang.Class.getDeclaredMethod(Class.java:2432) ~[?:?]
	at java.awt.Component.isCoalesceEventsOverriden(Component.java:6274) ~[?:?]
	at java.awt.Component.access$400(Component.java:185) ~[?:?]
	at java.awt.Component$3.run(Component.java:6228) ~[?:?]
	at java.awt.Component$3.run(Component.java:6226) ~[?:?]
	at java.security.AccessController.doPrivileged(Native Method) ~[?:?]
	at java.awt.Component.checkCoalescing(Component.java:6225) ~[?:?]
	at java.awt.Component.<init>(Component.java:6194) ~[?:?]
	at java.awt.Container.<init>(Container.java:294) ~[?:?]
	at javax.swing.JComponent.<init>(JComponent.java:598) ~[?:?]
	at javax.swing.JPanel.<init>(JPanel.java:82) ~[?:?]
	at javax.swing.JPanel.<init>(JPanel.java:109) ~[?:?]
	at javax.swing.JPanel.<init>(JPanel.java:117) ~[?:?]
	at org.apache.jmeter.gui.AbstractJMeterGuiComponent.<init>(AbstractJMeterGuiComponent.java:77) ~[ApacheJMeter_core.jar:5.1.1 r1855137]
	at org.apache.jmeter.visualizers.gui.AbstractListenerGui.<init>(AbstractListenerGui.java:32) ~[ApacheJMeter_core.jar:5.1.1 r1855137]
	at org.apache.jmeter.visualizers.gui.AbstractVisualizer.<init>(AbstractVisualizer.java:127) ~[ApacheJMeter_core.jar:5.1.1 r1855137]
	at kg.apc.jmeter.graphs.AbstractGraphPanelVisualizer.<init>(AbstractGraphPanelVisualizer.java:102) ~[jmeter-plugins-cmn-jmeter-0.4.jar:?]
	at kg.apc.jmeter.vizualizers.MergeResultsGui.<init>(MergeResultsGui.java:141) ~[JMeterPlugins-Extras.jar:?]
	... 26 more
2019-09-21 18:12:57,677 INFO o.a.j.p.h.s.HTTPSamplerBase: Parser for text/html is org.apache.jmeter.protocol.http.parser.LagartoBasedHtmlParser
2019-09-21 18:12:57,678 INFO o.a.j.p.h.s.HTTPSamplerBase: Parser for application/xhtml+xml is org.apache.jmeter.protocol.http.parser.LagartoBasedHtmlParser
2019-09-21 18:12:57,678 INFO o.a.j.p.h.s.HTTPSamplerBase: Parser for application/xml is org.apache.jmeter.protocol.http.parser.LagartoBasedHtmlParser
2019-09-21 18:12:57,678 INFO o.a.j.p.h.s.HTTPSamplerBase: Parser for text/xml is org.apache.jmeter.protocol.http.parser.LagartoBasedHtmlParser
2019-09-21 18:12:57,679 INFO o.a.j.p.h.s.HTTPSamplerBase: Parser for text/vnd.wap.wml is org.apache.jmeter.protocol.http.parser.RegexpHTMLParser
2019-09-21 18:12:57,679 INFO o.a.j.p.h.s.HTTPSamplerBase: Parser for text/css is org.apache.jmeter.protocol.http.parser.CssParser
2019-09-21 18:12:58,667 INFO o.a.j.e.KeyToolUtils: keytool found at 'keytool'
2019-09-21 18:12:58,669 INFO o.a.j.p.h.p.ProxyControl: HTTP(S) Test Script Recorder SSL Proxy will use keys that support embedded 3rd party resources in file /usr/local/Cellar/jmeter/5.1.1/libexec/bin/proxyserver.jks
2019-09-21 18:12:59,017 INFO o.a.j.s.FileServer: Default base='/Users/tetianakorchak/Documents/jmeter'
2019-09-21 18:12:59,884 INFO o.a.j.s.SampleResult: Note: Sample TimeStamps are START times
2019-09-21 18:12:59,885 INFO o.a.j.s.SampleResult: sampleresult.default.encoding is set to ISO-8859-1
2019-09-21 18:12:59,885 INFO o.a.j.s.SampleResult: sampleresult.useNanoTime=true
2019-09-21 18:12:59,885 INFO o.a.j.s.SampleResult: sampleresult.nanoThreadSleep=5000
2019-09-21 18:13:32,822 INFO o.a.j.g.a.Load: Loading file: /Users/tetianakorchak/Documents/jmeter/RobotFramework-Jmeter-Lbrary/jmeterTest1Thread1Loop.jmx
2019-09-21 18:13:32,825 INFO o.a.j.s.FileServer: Set new base='/Users/tetianakorchak/Documents/jmeter/RobotFramework-Jmeter-Lbrary'
2019-09-21 18:13:33,247 INFO o.a.j.s.SaveService: Testplan (JMX) version: 2.2. Testlog (JTL) version: 2.2
2019-09-21 18:13:33,263 INFO o.a.j.s.SaveService: Using SaveService properties version 5.0
2019-09-21 18:13:33,266 INFO o.a.j.s.SaveService: Using SaveService properties file encoding UTF-8
2019-09-21 18:13:33,269 INFO o.a.j.s.SaveService: Loading file: /Users/tetianakorchak/Documents/jmeter/RobotFramework-Jmeter-Lbrary/jmeterTest1Thread1Loop.jmx
2019-09-21 18:13:33,637 WARN o.j.r.PluginManager: Found JAR conflict: /usr/local/Cellar/jmeter/5.1.1/libexec/lib/asm-7.0.jar and /usr/local/Cellar/jmeter/5.1.1/libexec/lib/asm-5.0.3.jar
2019-09-21 18:13:33,638 WARN o.j.r.PluginManager: Found JAR conflict: /usr/local/Cellar/jmeter/5.1.1/libexec/lib/commons-beanutils-1.8.3.jar and /usr/local/Cellar/jmeter/5.1.1/libexec/lib/commons-beanutils-1.7.0.jar
2019-09-21 18:13:33,638 WARN o.j.r.PluginManager: Found JAR conflict: /usr/local/Cellar/jmeter/5.1.1/libexec/lib/dnsjava-2.1.8.jar and /usr/local/Cellar/jmeter/5.1.1/libexec/lib/dnsjava-2.1.7.jar
2019-09-21 18:13:33,638 WARN o.j.r.PluginManager: Found JAR conflict: /usr/local/Cellar/jmeter/5.1.1/libexec/lib/guava-19.0.jar and /usr/local/Cellar/jmeter/5.1.1/libexec/lib/guava-11.0.2.jar
2019-09-21 18:13:33,639 WARN o.j.r.PluginManager: Found JAR conflict: /usr/local/Cellar/jmeter/5.1.1/libexec/lib/httpclient-4.5.jar and /usr/local/Cellar/jmeter/5.1.1/libexec/lib/httpclient-4.5.7.jar
2019-09-21 18:13:33,639 WARN o.j.r.PluginManager: Found JAR conflict: /usr/local/Cellar/jmeter/5.1.1/libexec/lib/httpcore-4.4.11.jar and /usr/local/Cellar/jmeter/5.1.1/libexec/lib/httpcore-4.4.1.jar
2019-09-21 18:13:33,639 WARN o.j.r.PluginManager: Found JAR conflict: /usr/local/Cellar/jmeter/5.1.1/libexec/lib/httpmime-4.5.jar and /usr/local/Cellar/jmeter/5.1.1/libexec/lib/httpmime-4.5.7.jar
2019-09-21 18:13:33,640 WARN o.j.r.PluginManager: Found JAR conflict: /usr/local/Cellar/jmeter/5.1.1/libexec/lib/json-path-2.4.0.jar and /usr/local/Cellar/jmeter/5.1.1/libexec/lib/json-path-2.1.0.jar
2019-09-21 18:13:33,640 WARN o.j.r.PluginManager: Found JAR conflict: /usr/local/Cellar/jmeter/5.1.1/libexec/lib/json-smart-2.3.jar and /usr/local/Cellar/jmeter/5.1.1/libexec/lib/json-smart-2.2.jar
2019-09-21 18:13:33,640 WARN o.j.r.p.PluginSuggester: Plugins Manager were unable to find plugins to satisfy Test Plan requirements. To help improve, please report following list to https://jmeter-plugins.org/support/: [MonitorHealthVisualizer, DistributionGraphVisualizer]
2019-09-21 18:13:33,701 INFO o.a.j.u.NameUpdater: Upgrading class org.apache.jmeter.visualizers.MonitorHealthVisualizer to org.apache.jmeter.config.gui.ObsoleteGui
2019-09-21 18:13:33,717 INFO o.a.j.u.NameUpdater: Upgrading class org.apache.jmeter.visualizers.DistributionGraphVisualizer to org.apache.jmeter.config.gui.ObsoleteGui
2019-09-21 18:13:33,932 INFO o.a.j.s.FileServer: Set new base='/Users/tetianakorchak/Documents/jmeter/RobotFramework-Jmeter-Lbrary'
