2019-08-27 10:59:39,964 INFO o.a.j.u.JMeterUtils: Setting Locale to en_EN
2019-08-27 10:59:40,094 INFO o.a.j.JMeter: Loading user properties from: /usr/local/Cellar/jmeter/5.1.1/libexec/bin/user.properties
2019-08-27 10:59:40,097 INFO o.a.j.JMeter: Loading system properties from: /usr/local/Cellar/jmeter/5.1.1/libexec/bin/system.properties
2019-08-27 10:59:40,120 INFO o.a.j.JMeter: Copyright (c) 1998-2019 The Apache Software Foundation
2019-08-27 10:59:40,121 INFO o.a.j.JMeter: Version 5.1.1 r1855137
2019-08-27 10:59:40,121 INFO o.a.j.JMeter: java.version=10.0.1
2019-08-27 10:59:40,121 INFO o.a.j.JMeter: java.vm.name=Java HotSpot(TM) 64-Bit Server VM
2019-08-27 10:59:40,122 INFO o.a.j.JMeter: os.name=Mac OS X
2019-08-27 10:59:40,122 INFO o.a.j.JMeter: os.arch=x86_64
2019-08-27 10:59:40,122 INFO o.a.j.JMeter: os.version=10.14.3
2019-08-27 10:59:40,122 INFO o.a.j.JMeter: file.encoding=UTF-8
2019-08-27 10:59:40,122 INFO o.a.j.JMeter: java.awt.headless=null
2019-08-27 10:59:40,123 INFO o.a.j.JMeter: Max memory     =1073741824
2019-08-27 10:59:40,124 INFO o.a.j.JMeter: Available Processors =4
2019-08-27 10:59:40,148 INFO o.a.j.JMeter: Default Locale=English (EN)
2019-08-27 10:59:40,149 INFO o.a.j.JMeter: JMeter  Locale=English (EN)
2019-08-27 10:59:40,149 INFO o.a.j.JMeter: JMeterHome=/usr/local/Cellar/jmeter/5.1.1/libexec
2019-08-27 10:59:40,149 INFO o.a.j.JMeter: user.dir  =/Users/tetianakorchak/Documents/jmeter/Pastebin_scenarios
2019-08-27 10:59:40,150 INFO o.a.j.JMeter: PWD       =/Users/tetianakorchak/Documents/jmeter/Pastebin_scenarios
2019-08-27 10:59:40,164 INFO o.a.j.JMeter: IP: 192.168.1.77 Name: Tetianas-MacBook-Air.local FullName: 192.168.1.77
2019-08-27 10:59:42,953 INFO o.a.j.g.a.LookAndFeelCommand: Installing Darcula LAF
2019-08-27 10:59:42,962 INFO o.a.j.g.a.LookAndFeelCommand: Using look and feel: javax.swing.plaf.metal.MetalLookAndFeel [Darcula]
2019-08-27 10:59:42,962 INFO o.a.j.JMeter: Setting LAF to: javax.swing.plaf.metal.MetalLookAndFeel
2019-08-27 10:59:42,988 INFO o.a.j.JMeter: Loaded icon properties from org/apache/jmeter/images/icon.properties
2019-08-27 10:59:44,475 WARN o.j.r.PluginManager: Found JAR conflict: /usr/local/Cellar/jmeter/5.1.1/libexec/lib/asm-7.0.jar and /usr/local/Cellar/jmeter/5.1.1/libexec/lib/asm-5.0.3.jar
2019-08-27 10:59:44,476 WARN o.j.r.PluginManager: Found JAR conflict: /usr/local/Cellar/jmeter/5.1.1/libexec/lib/commons-beanutils-1.8.3.jar and /usr/local/Cellar/jmeter/5.1.1/libexec/lib/commons-beanutils-1.7.0.jar
2019-08-27 10:59:44,477 WARN o.j.r.PluginManager: Found JAR conflict: /usr/local/Cellar/jmeter/5.1.1/libexec/lib/dnsjava-2.1.8.jar and /usr/local/Cellar/jmeter/5.1.1/libexec/lib/dnsjava-2.1.7.jar
2019-08-27 10:59:44,478 WARN o.j.r.PluginManager: Found JAR conflict: /usr/local/Cellar/jmeter/5.1.1/libexec/lib/guava-19.0.jar and /usr/local/Cellar/jmeter/5.1.1/libexec/lib/guava-11.0.2.jar
2019-08-27 10:59:44,478 WARN o.j.r.PluginManager: Found JAR conflict: /usr/local/Cellar/jmeter/5.1.1/libexec/lib/httpclient-4.5.jar and /usr/local/Cellar/jmeter/5.1.1/libexec/lib/httpclient-4.5.7.jar
2019-08-27 10:59:44,478 WARN o.j.r.PluginManager: Found JAR conflict: /usr/local/Cellar/jmeter/5.1.1/libexec/lib/httpcore-4.4.11.jar and /usr/local/Cellar/jmeter/5.1.1/libexec/lib/httpcore-4.4.1.jar
2019-08-27 10:59:44,479 WARN o.j.r.PluginManager: Found JAR conflict: /usr/local/Cellar/jmeter/5.1.1/libexec/lib/httpmime-4.5.jar and /usr/local/Cellar/jmeter/5.1.1/libexec/lib/httpmime-4.5.7.jar
2019-08-27 10:59:44,479 WARN o.j.r.PluginManager: Found JAR conflict: /usr/local/Cellar/jmeter/5.1.1/libexec/lib/json-path-2.4.0.jar and /usr/local/Cellar/jmeter/5.1.1/libexec/lib/json-path-2.1.0.jar
2019-08-27 10:59:44,480 WARN o.j.r.PluginManager: Found JAR conflict: /usr/local/Cellar/jmeter/5.1.1/libexec/lib/json-smart-2.3.jar and /usr/local/Cellar/jmeter/5.1.1/libexec/lib/json-smart-2.2.jar
2019-08-27 10:59:44,550 INFO o.j.r.JARSourceHTTP: Found cached repo
2019-08-27 10:59:44,949 WARN o.j.r.Plugin: Unable to load class: com.atlantbh.jmeter.plugins.oauth.OAuthSampler
java.lang.NoClassDefFoundError: org/apache/jmeter/protocol/http/sampler/HTTPSampler2
	at java.lang.ClassLoader.defineClass1(Native Method) ~[?:?]
	at java.lang.ClassLoader.defineClass(ClassLoader.java:1009) ~[?:?]
	at java.security.SecureClassLoader.defineClass(SecureClassLoader.java:174) ~[?:?]
	at java.net.URLClassLoader.defineClass(URLClassLoader.java:545) ~[?:?]
	at java.net.URLClassLoader.access$100(URLClassLoader.java:83) ~[?:?]
	at java.net.URLClassLoader$1.run(URLClassLoader.java:453) ~[?:?]
	at java.net.URLClassLoader$1.run(URLClassLoader.java:447) ~[?:?]
	at java.security.AccessController.doPrivileged(Native Method) ~[?:?]
	at java.net.URLClassLoader.findClass(URLClassLoader.java:446) ~[?:?]
	at java.lang.ClassLoader.loadClass(ClassLoader.java:566) ~[?:?]
	at java.lang.ClassLoader.loadClass(ClassLoader.java:499) ~[?:?]
	at org.jmeterplugins.repository.Plugin.getJARPath(Plugin.java:202) [jmeter-plugins-manager-1.3.jar:?]
	at org.jmeterplugins.repository.Plugin.detectInstalledPlugin(Plugin.java:108) [jmeter-plugins-manager-1.3.jar:?]
	at org.jmeterplugins.repository.Plugin.detectInstalled(Plugin.java:97) [jmeter-plugins-manager-1.3.jar:?]
	at org.jmeterplugins.repository.PluginManager.load(PluginManager.java:86) [jmeter-plugins-manager-1.3.jar:?]
	at org.jmeterplugins.repository.PluginManagerMenuItem$1.run(PluginManagerMenuItem.java:41) [jmeter-plugins-manager-1.3.jar:?]
Caused by: java.lang.ClassNotFoundException: org.apache.jmeter.protocol.http.sampler.HTTPSampler2
	at java.net.URLClassLoader.findClass(URLClassLoader.java:466) ~[?:?]
	at java.lang.ClassLoader.loadClass(ClassLoader.java:566) ~[?:?]
	at java.lang.ClassLoader.loadClass(ClassLoader.java:499) ~[?:?]
	... 16 more
2019-08-27 10:59:44,971 WARN o.j.r.Plugin: Unable to load class: kg.apc.jmeter.vizualizers.PageDataExtractorOverTimeGui
java.lang.NoClassDefFoundError: kg/apc/jmeter/CMDLineArgumentsProcessor
	at java.lang.ClassLoader.defineClass1(Native Method) ~[?:?]
	at java.lang.ClassLoader.defineClass(ClassLoader.java:1009) ~[?:?]
	at java.security.SecureClassLoader.defineClass(SecureClassLoader.java:174) ~[?:?]
	at java.net.URLClassLoader.defineClass(URLClassLoader.java:545) ~[?:?]
	at java.net.URLClassLoader.access$100(URLClassLoader.java:83) ~[?:?]
	at java.net.URLClassLoader$1.run(URLClassLoader.java:453) ~[?:?]
	at java.net.URLClassLoader$1.run(URLClassLoader.java:447) ~[?:?]
	at java.security.AccessController.doPrivileged(Native Method) ~[?:?]
	at java.net.URLClassLoader.findClass(URLClassLoader.java:446) ~[?:?]
	at java.lang.ClassLoader.loadClass(ClassLoader.java:566) ~[?:?]
	at java.lang.ClassLoader.loadClass(ClassLoader.java:499) ~[?:?]
	at org.jmeterplugins.repository.Plugin.getJARPath(Plugin.java:202) [jmeter-plugins-manager-1.3.jar:?]
	at org.jmeterplugins.repository.Plugin.detectInstalledPlugin(Plugin.java:108) [jmeter-plugins-manager-1.3.jar:?]
	at org.jmeterplugins.repository.Plugin.detectInstalled(Plugin.java:97) [jmeter-plugins-manager-1.3.jar:?]
	at org.jmeterplugins.repository.PluginManager.load(PluginManager.java:86) [jmeter-plugins-manager-1.3.jar:?]
	at org.jmeterplugins.repository.PluginManagerMenuItem$1.run(PluginManagerMenuItem.java:41) [jmeter-plugins-manager-1.3.jar:?]
Caused by: java.lang.ClassNotFoundException: kg.apc.jmeter.CMDLineArgumentsProcessor
	at java.net.URLClassLoader.findClass(URLClassLoader.java:466) ~[?:?]
	at java.lang.ClassLoader.loadClass(ClassLoader.java:566) ~[?:?]
	at java.lang.ClassLoader.loadClass(ClassLoader.java:499) ~[?:?]
	... 16 more
2019-08-27 10:59:45,000 INFO o.j.r.PluginManager: Plugins Status: [jpgc-graphs-basic=2.0, jpgc-graphs-additional=Extras, jpgc-autostop=Extras, jpgc-dbmon=Extras, jpgc-graphs-dist=Extras, jpgc-ggl=Extras, jpgc-httpraw=Extras, jpgc-sts=Extras, jpgc-hadoop=Hadoop, jpgc-jms=ExtrasLibs, jpgc-jmxmon=Extras, jpgc-json=ExtrasLibs, jpgc-graphs-vs=Extras, jpgc-lockfile=Extras, jpgc-prmctl=Extras, jpgc-plugins-manager=1.3, jpgc-redis=ExtrasLibs, jpgc-webdriver=WebDriver, jpgc-udp=Extras, jpgc-csvars=Extras, jpgc-xml=Extras, jmeter-core=5.1.1, jmeter-ftp=5.1.1, jmeter-http=5.1.1, jmeter-jdbc=5.1.1, jmeter-jms=5.1.1, jmeter-junit=5.1.1, jmeter-java=5.1.1, jmeter-ldap=5.1.1, jmeter-mail=5.1.1, jmeter-mongodb=5.1.1, jmeter-native=5.1.1, jmeter-tcp=5.1.1, jmeter-components=5.1.1]
2019-08-27 10:59:45,566 INFO o.a.j.JMeter: Loading file: /Users/tetianakorchak/Documents/jmeter/PerformanceTestPlan.jmx
2019-08-27 10:59:45,593 INFO o.a.j.s.FileServer: Default base='/Users/tetianakorchak/Documents/jmeter/Pastebin_scenarios'
2019-08-27 10:59:45,602 INFO o.a.j.s.FileServer: Set new base='/Users/tetianakorchak/Documents/jmeter'
2019-08-27 10:59:46,141 INFO o.a.j.s.SaveService: Testplan (JMX) version: 2.2. Testlog (JTL) version: 2.2
2019-08-27 10:59:46,156 INFO o.a.j.s.SaveService: Using SaveService properties version 5.0
2019-08-27 10:59:46,160 INFO o.a.j.s.SaveService: Using SaveService properties file encoding UTF-8
2019-08-27 10:59:46,166 INFO o.a.j.s.SaveService: Loading file: /Users/tetianakorchak/Documents/jmeter/PerformanceTestPlan.jmx
2019-08-27 10:59:46,559 INFO o.a.j.p.h.s.HTTPSamplerBase: Parser for text/html is org.apache.jmeter.protocol.http.parser.LagartoBasedHtmlParser
2019-08-27 10:59:46,559 INFO o.a.j.p.h.s.HTTPSamplerBase: Parser for application/xhtml+xml is org.apache.jmeter.protocol.http.parser.LagartoBasedHtmlParser
2019-08-27 10:59:46,559 INFO o.a.j.p.h.s.HTTPSamplerBase: Parser for application/xml is org.apache.jmeter.protocol.http.parser.LagartoBasedHtmlParser
2019-08-27 10:59:46,559 INFO o.a.j.p.h.s.HTTPSamplerBase: Parser for text/xml is org.apache.jmeter.protocol.http.parser.LagartoBasedHtmlParser
2019-08-27 10:59:46,560 INFO o.a.j.p.h.s.HTTPSamplerBase: Parser for text/vnd.wap.wml is org.apache.jmeter.protocol.http.parser.RegexpHTMLParser
2019-08-27 10:59:46,560 INFO o.a.j.p.h.s.HTTPSamplerBase: Parser for text/css is org.apache.jmeter.protocol.http.parser.CssParser
2019-08-27 10:59:46,827 INFO o.a.j.s.FileServer: Set new base='/Users/tetianakorchak/Documents/jmeter'
2019-08-27 10:59:47,157 INFO o.a.j.s.SampleResult: Note: Sample TimeStamps are START times
2019-08-27 10:59:47,158 INFO o.a.j.s.SampleResult: sampleresult.default.encoding is set to ISO-8859-1
2019-08-27 10:59:47,158 INFO o.a.j.s.SampleResult: sampleresult.useNanoTime=true
2019-08-27 10:59:47,158 INFO o.a.j.s.SampleResult: sampleresult.nanoThreadSleep=5000
2019-08-27 10:59:49,012 WARN o.a.j.g.u.MenuFactory: Could not instantiate class: kg.apc.jmeter.vizualizers.MergeResultsGui
java.lang.reflect.InvocationTargetException: null
	at jdk.internal.reflect.NativeConstructorAccessorImpl.newInstance0(Native Method) ~[?:?]
	at jdk.internal.reflect.NativeConstructorAccessorImpl.newInstance(NativeConstructorAccessorImpl.java:62) ~[?:?]
	at jdk.internal.reflect.DelegatingConstructorAccessorImpl.newInstance(DelegatingConstructorAccessorImpl.java:45) ~[?:?]
	at java.lang.reflect.Constructor.newInstance(Constructor.java:488) ~[?:?]
	at org.apache.jmeter.gui.util.MenuFactory.getGUIComponent(MenuFactory.java:174) [ApacheJMeter_core.jar:5.1.1 r1855137]
	at org.apache.jmeter.gui.util.MenuFactory.initializeMenus(MenuFactory.java:141) [ApacheJMeter_core.jar:5.1.1 r1855137]
	at org.apache.jmeter.gui.util.MenuFactory.<clinit>(MenuFactory.java:106) [ApacheJMeter_core.jar:5.1.1 r1855137]
	at org.apache.jmeter.threads.gui.AbstractThreadGroupGui.createAddMenu(AbstractThreadGroupGui.java:95) [ApacheJMeter_core.jar:5.1.1 r1855137]
	at org.apache.jmeter.threads.gui.AbstractThreadGroupGui.createPopupMenu(AbstractThreadGroupGui.java:68) [ApacheJMeter_core.jar:5.1.1 r1855137]
	at org.apache.jmeter.gui.tree.JMeterTreeNode.createPopupMenu(JMeterTreeNode.java:185) [ApacheJMeter_core.jar:5.1.1 r1855137]
	at org.apache.jmeter.gui.action.EditCommand.doAction(EditCommand.java:46) [ApacheJMeter_core.jar:5.1.1 r1855137]
	at org.apache.jmeter.gui.action.ActionRouter.performAction(ActionRouter.java:88) [ApacheJMeter_core.jar:5.1.1 r1855137]
	at org.apache.jmeter.gui.action.ActionRouter.lambda$actionPerformed$0(ActionRouter.java:70) [ApacheJMeter_core.jar:5.1.1 r1855137]
	at java.awt.event.InvocationEvent.dispatch(InvocationEvent.java:313) [?:?]
	at java.awt.EventQueue.dispatchEventImpl(EventQueue.java:770) [?:?]
	at java.awt.EventQueue.access$600(EventQueue.java:97) [?:?]
	at java.awt.EventQueue$4.run(EventQueue.java:721) [?:?]
	at java.awt.EventQueue$4.run(EventQueue.java:715) [?:?]
	at java.security.AccessController.doPrivileged(Native Method) [?:?]
	at java.security.ProtectionDomain$JavaSecurityAccessImpl.doIntersectionPrivilege(ProtectionDomain.java:87) [?:?]
	at java.awt.EventQueue.dispatchEvent(EventQueue.java:740) [?:?]
	at java.awt.EventDispatchThread.pumpOneEventForFilters(EventDispatchThread.java:203) [?:?]
	at java.awt.EventDispatchThread.pumpEventsForFilter(EventDispatchThread.java:124) [?:?]
	at java.awt.EventDispatchThread.pumpEventsForHierarchy(EventDispatchThread.java:113) [?:?]
	at java.awt.EventDispatchThread.pumpEvents(EventDispatchThread.java:109) [?:?]
	at java.awt.EventDispatchThread.pumpEvents(EventDispatchThread.java:101) [?:?]
	at java.awt.EventDispatchThread.run(EventDispatchThread.java:90) [?:?]
Caused by: java.lang.NoClassDefFoundError: org/jmeterplugins/save/MergeResultsService
	at java.lang.Class.getDeclaredMethods0(Native Method) ~[?:?]
	at java.lang.Class.privateGetDeclaredMethods(Class.java:3119) ~[?:?]
	at java.lang.Class.getDeclaredMethod(Class.java:2432) ~[?:?]
	at java.awt.Component.isCoalesceEventsOverriden(Component.java:6274) ~[?:?]
	at java.awt.Component.access$400(Component.java:185) ~[?:?]
	at java.awt.Component$3.run(Component.java:6228) ~[?:?]
	at java.awt.Component$3.run(Component.java:6226) ~[?:?]
	at java.security.AccessController.doPrivileged(Native Method) ~[?:?]
	at java.awt.Component.checkCoalescing(Component.java:6225) ~[?:?]
	at java.awt.Component.<init>(Component.java:6194) ~[?:?]
	at java.awt.Container.<init>(Container.java:294) ~[?:?]
	at javax.swing.JComponent.<init>(JComponent.java:598) ~[?:?]
	at javax.swing.JPanel.<init>(JPanel.java:82) ~[?:?]
	at javax.swing.JPanel.<init>(JPanel.java:109) ~[?:?]
	at javax.swing.JPanel.<init>(JPanel.java:117) ~[?:?]
	at org.apache.jmeter.gui.AbstractJMeterGuiComponent.<init>(AbstractJMeterGuiComponent.java:77) ~[ApacheJMeter_core.jar:5.1.1 r1855137]
	at org.apache.jmeter.visualizers.gui.AbstractListenerGui.<init>(AbstractListenerGui.java:32) ~[ApacheJMeter_core.jar:5.1.1 r1855137]
	at org.apache.jmeter.visualizers.gui.AbstractVisualizer.<init>(AbstractVisualizer.java:127) ~[ApacheJMeter_core.jar:5.1.1 r1855137]
	at kg.apc.jmeter.graphs.AbstractGraphPanelVisualizer.<init>(AbstractGraphPanelVisualizer.java:102) ~[jmeter-plugins-cmn-jmeter-0.4.jar:?]
	at kg.apc.jmeter.vizualizers.MergeResultsGui.<init>(MergeResultsGui.java:141) ~[JMeterPlugins-Extras.jar:?]
	... 27 more
Caused by: java.lang.ClassNotFoundException: org.jmeterplugins.save.MergeResultsService
	at java.net.URLClassLoader.findClass(URLClassLoader.java:466) ~[?:?]
	at java.lang.ClassLoader.loadClass(ClassLoader.java:566) ~[?:?]
	at java.lang.ClassLoader.loadClass(ClassLoader.java:499) ~[?:?]
	at java.lang.Class.getDeclaredMethods0(Native Method) ~[?:?]
	at java.lang.Class.privateGetDeclaredMethods(Class.java:3119) ~[?:?]
	at java.lang.Class.getDeclaredMethod(Class.java:2432) ~[?:?]
	at java.awt.Component.isCoalesceEventsOverriden(Component.java:6274) ~[?:?]
	at java.awt.Component.access$400(Component.java:185) ~[?:?]
	at java.awt.Component$3.run(Component.java:6228) ~[?:?]
	at java.awt.Component$3.run(Component.java:6226) ~[?:?]
	at java.security.AccessController.doPrivileged(Native Method) ~[?:?]
	at java.awt.Component.checkCoalescing(Component.java:6225) ~[?:?]
	at java.awt.Component.<init>(Component.java:6194) ~[?:?]
	at java.awt.Container.<init>(Container.java:294) ~[?:?]
	at javax.swing.JComponent.<init>(JComponent.java:598) ~[?:?]
	at javax.swing.JPanel.<init>(JPanel.java:82) ~[?:?]
	at javax.swing.JPanel.<init>(JPanel.java:109) ~[?:?]
	at javax.swing.JPanel.<init>(JPanel.java:117) ~[?:?]
	at org.apache.jmeter.gui.AbstractJMeterGuiComponent.<init>(AbstractJMeterGuiComponent.java:77) ~[ApacheJMeter_core.jar:5.1.1 r1855137]
	at org.apache.jmeter.visualizers.gui.AbstractListenerGui.<init>(AbstractListenerGui.java:32) ~[ApacheJMeter_core.jar:5.1.1 r1855137]
	at org.apache.jmeter.visualizers.gui.AbstractVisualizer.<init>(AbstractVisualizer.java:127) ~[ApacheJMeter_core.jar:5.1.1 r1855137]
	at kg.apc.jmeter.graphs.AbstractGraphPanelVisualizer.<init>(AbstractGraphPanelVisualizer.java:102) ~[jmeter-plugins-cmn-jmeter-0.4.jar:?]
	at kg.apc.jmeter.vizualizers.MergeResultsGui.<init>(MergeResultsGui.java:141) ~[JMeterPlugins-Extras.jar:?]
	... 27 more
2019-08-27 10:59:50,621 INFO o.a.j.e.KeyToolUtils: keytool found at 'keytool'
2019-08-27 10:59:50,622 INFO o.a.j.p.h.p.ProxyControl: HTTP(S) Test Script Recorder SSL Proxy will use keys that support embedded 3rd party resources in file /usr/local/Cellar/jmeter/5.1.1/libexec/bin/proxyserver.jks
2019-08-27 11:01:17,124 INFO o.a.j.e.StandardJMeterEngine: Running the test!
2019-08-27 11:01:17,131 INFO o.a.j.s.SampleEvent: List of sample_variables: []
2019-08-27 11:01:17,132 INFO o.a.j.s.SampleEvent: List of sample_variables: []
2019-08-27 11:01:17,137 INFO o.a.j.e.u.CompoundVariable: Note: Function class names must contain the string: '.functions.'
2019-08-27 11:01:17,137 INFO o.a.j.e.u.CompoundVariable: Note: Function class names must not contain the string: '.gui.'
2019-08-27 11:01:17,837 INFO o.a.j.g.u.JMeterMenuBar: setRunning(true, *local*)
2019-08-27 11:01:18,018 INFO o.a.j.e.StandardJMeterEngine: Starting ThreadGroup: 1 : Thread Group
2019-08-27 11:01:18,020 INFO o.a.j.e.StandardJMeterEngine: Starting 10 threads for group Thread Group.
2019-08-27 11:01:18,020 INFO o.a.j.e.StandardJMeterEngine: Thread will continue on error
2019-08-27 11:01:18,021 INFO o.a.j.t.ThreadGroup: Starting thread group... number=1 threads=10 ramp-up=1 delayedStart=false
2019-08-27 11:01:18,032 INFO o.a.j.t.JMeterThread: Thread started: Thread Group 1-1
2019-08-27 11:01:18,046 INFO o.a.j.t.ThreadGroup: Started thread group number 1
2019-08-27 11:01:18,047 INFO o.a.j.e.StandardJMeterEngine: All thread groups have been started
2019-08-27 11:01:18,062 INFO o.a.j.p.h.s.HTTPHCAbstractImpl: Local host = Tetianas-MacBook-Air.local
2019-08-27 11:01:18,073 INFO o.a.j.p.h.s.HTTPHC4Impl: HTTP request retry count = 0
2019-08-27 11:01:18,126 INFO o.a.j.t.JMeterThread: Thread started: Thread Group 1-2
2019-08-27 11:01:18,224 INFO o.a.j.t.JMeterThread: Thread started: Thread Group 1-3
2019-08-27 11:01:18,275 INFO o.a.j.p.h.s.h.LazyLayeredConnectionSocketFactory: Setting up HTTPS TrustAll Socket Factory
2019-08-27 11:01:18,279 INFO o.a.j.u.JsseSSLManager: Using default SSL protocol: TLS
2019-08-27 11:01:18,280 INFO o.a.j.u.JsseSSLManager: SSL session context: per-thread
2019-08-27 11:01:18,326 INFO o.a.j.t.JMeterThread: Thread started: Thread Group 1-4
2019-08-27 11:01:18,331 INFO o.a.j.u.SSLManager: JmeterKeyStore Location:  type JKS
2019-08-27 11:01:18,333 INFO o.a.j.u.SSLManager: KeyStore created OK
2019-08-27 11:01:18,334 WARN o.a.j.u.SSLManager: Keystore file not found, loading empty keystore
2019-08-27 11:01:18,425 INFO o.a.j.t.JMeterThread: Thread started: Thread Group 1-5
2019-08-27 11:01:18,526 INFO o.a.j.t.JMeterThread: Thread started: Thread Group 1-6
2019-08-27 11:01:18,626 INFO o.a.j.t.JMeterThread: Thread started: Thread Group 1-7
2019-08-27 11:01:18,723 INFO o.a.j.t.JMeterThread: Thread started: Thread Group 1-8
2019-08-27 11:01:18,826 INFO o.a.j.t.JMeterThread: Thread started: Thread Group 1-9
2019-08-27 11:01:18,924 INFO o.a.j.t.JMeterThread: Thread started: Thread Group 1-10
2019-08-27 11:01:20,911 INFO o.a.j.t.JMeterThread: Thread is done: Thread Group 1-1
2019-08-27 11:01:20,912 INFO o.a.j.t.JMeterThread: Thread finished: Thread Group 1-1
2019-08-27 11:01:20,913 INFO o.a.j.t.JMeterThread: Thread is done: Thread Group 1-4
2019-08-27 11:01:20,913 INFO o.a.j.t.JMeterThread: Thread finished: Thread Group 1-4
2019-08-27 11:01:20,984 INFO o.a.j.t.JMeterThread: Thread is done: Thread Group 1-2
2019-08-27 11:01:20,984 INFO o.a.j.t.JMeterThread: Thread finished: Thread Group 1-2
2019-08-27 11:01:20,987 INFO o.a.j.t.JMeterThread: Thread is done: Thread Group 1-3
2019-08-27 11:01:20,987 INFO o.a.j.t.JMeterThread: Thread finished: Thread Group 1-3
2019-08-27 11:01:21,044 INFO o.a.j.t.JMeterThread: Thread is done: Thread Group 1-5
2019-08-27 11:01:21,045 INFO o.a.j.t.JMeterThread: Thread finished: Thread Group 1-5
2019-08-27 11:01:21,147 INFO o.a.j.t.JMeterThread: Thread is done: Thread Group 1-6
2019-08-27 11:01:21,147 INFO o.a.j.t.JMeterThread: Thread finished: Thread Group 1-6
2019-08-27 11:01:21,318 INFO o.a.j.t.JMeterThread: Thread is done: Thread Group 1-7
2019-08-27 11:01:21,318 INFO o.a.j.t.JMeterThread: Thread finished: Thread Group 1-7
2019-08-27 11:01:21,355 INFO o.a.j.t.JMeterThread: Thread is done: Thread Group 1-8
2019-08-27 11:01:21,356 INFO o.a.j.t.JMeterThread: Thread finished: Thread Group 1-8
2019-08-27 11:01:21,433 INFO o.a.j.t.JMeterThread: Thread is done: Thread Group 1-9
2019-08-27 11:01:21,434 INFO o.a.j.t.JMeterThread: Thread finished: Thread Group 1-9
2019-08-27 11:01:21,530 INFO o.a.j.t.JMeterThread: Thread is done: Thread Group 1-10
2019-08-27 11:01:21,530 INFO o.a.j.t.JMeterThread: Thread finished: Thread Group 1-10
2019-08-27 11:01:21,530 INFO o.a.j.e.StandardJMeterEngine: Notifying test listeners of end of test
2019-08-27 11:01:21,531 INFO o.a.j.g.u.JMeterMenuBar: setRunning(false, *local*)
2019-08-27 11:01:31,240 ERROR o.a.j.JMeter: Uncaught exception: 
java.lang.ClassCastException: java.desktop/javax.swing.text.AbstractDocument$DefaultDocumentEventUndoableWrapper cannot be cast to java.desktop/javax.swing.text.AbstractDocument$DefaultDocumentEvent
	at jsyntaxpane.CompoundUndoMan.undoableEditHappened(CompoundUndoMan.java:61) ~[jsyntaxpane-1.0.0.jar:1.0.0]
	at javax.swing.text.AbstractDocument.fireUndoableEditUpdate(AbstractDocument.java:293) ~[?:?]
	at javax.swing.text.AbstractDocument.handleInsertString(AbstractDocument.java:761) ~[?:?]
	at javax.swing.text.AbstractDocument.insertString(AbstractDocument.java:716) ~[?:?]
	at javax.swing.text.PlainDocument.insertString(PlainDocument.java:131) ~[?:?]
	at org.apache.jmeter.visualizers.SamplerResultTab.setTextOptimized(SamplerResultTab.java:692) ~[ApacheJMeter_components.jar:5.1.1 r1855137]
	at org.apache.jmeter.visualizers.RenderAsText.showTextResponse(RenderAsText.java:36) ~[ApacheJMeter_components.jar:5.1.1 r1855137]
	at org.apache.jmeter.visualizers.RenderAsText.renderResult(RenderAsText.java:31) ~[ApacheJMeter_components.jar:5.1.1 r1855137]
	at org.apache.jmeter.visualizers.ViewResultsFullVisualizer.valueChanged(ViewResultsFullVisualizer.java:392) ~[ApacheJMeter_components.jar:5.1.1 r1855137]
	at org.apache.jmeter.visualizers.ViewResultsFullVisualizer.valueChanged(ViewResultsFullVisualizer.java:365) ~[ApacheJMeter_components.jar:5.1.1 r1855137]
	at javax.swing.JTree.fireValueChanged(JTree.java:2968) ~[?:?]
	at javax.swing.JTree$TreeSelectionRedirector.valueChanged(JTree.java:3457) ~[?:?]
	at javax.swing.tree.DefaultTreeSelectionModel.fireValueChanged(DefaultTreeSelectionModel.java:641) ~[?:?]
	at javax.swing.tree.DefaultTreeSelectionModel.notifyPathChange(DefaultTreeSelectionModel.java:1111) ~[?:?]
	at javax.swing.tree.DefaultTreeSelectionModel.setSelectionPaths(DefaultTreeSelectionModel.java:297) ~[?:?]
	at javax.swing.tree.DefaultTreeSelectionModel.setSelectionPath(DefaultTreeSelectionModel.java:191) ~[?:?]
	at javax.swing.JTree.setSelectionPath(JTree.java:1657) ~[?:?]
	at javax.swing.plaf.basic.BasicTreeUI.selectPathForEvent(BasicTreeUI.java:2736) ~[?:?]
	at javax.swing.plaf.basic.BasicTreeUI$Handler.handleSelection(BasicTreeUI.java:4015) ~[?:?]
	at javax.swing.plaf.basic.BasicTreeUI$Handler.mousePressed(BasicTreeUI.java:3954) ~[?:?]
	at java.awt.Component.processMouseEvent(Component.java:6586) ~[?:?]
	at javax.swing.JComponent.processMouseEvent(JComponent.java:3342) ~[?:?]
	at java.awt.Component.processEvent(Component.java:6354) ~[?:?]
	at java.awt.Container.processEvent(Container.java:2261) ~[?:?]
	at java.awt.Component.dispatchEventImpl(Component.java:4966) ~[?:?]
	at java.awt.Container.dispatchEventImpl(Container.java:2319) ~[?:?]
	at java.awt.Component.dispatchEvent(Component.java:4798) ~[?:?]
	at java.awt.LightweightDispatcher.retargetMouseEvent(Container.java:4914) ~[?:?]
	at java.awt.LightweightDispatcher.processMouseEvent(Container.java:4540) ~[?:?]
	at java.awt.LightweightDispatcher.dispatchEvent(Container.java:4484) ~[?:?]
	at java.awt.Container.dispatchEventImpl(Container.java:2305) ~[?:?]
	at java.awt.Window.dispatchEventImpl(Window.java:2772) ~[?:?]
	at java.awt.Component.dispatchEvent(Component.java:4798) ~[?:?]
	at java.awt.EventQueue.dispatchEventImpl(EventQueue.java:772) ~[?:?]
	at java.awt.EventQueue.access$600(EventQueue.java:97) ~[?:?]
	at java.awt.EventQueue$4.run(EventQueue.java:721) ~[?:?]
	at java.awt.EventQueue$4.run(EventQueue.java:715) ~[?:?]
	at java.security.AccessController.doPrivileged(Native Method) ~[?:?]
	at java.security.ProtectionDomain$JavaSecurityAccessImpl.doIntersectionPrivilege(ProtectionDomain.java:87) ~[?:?]
	at java.security.ProtectionDomain$JavaSecurityAccessImpl.doIntersectionPrivilege(ProtectionDomain.java:97) ~[?:?]
	at java.awt.EventQueue$5.run(EventQueue.java:745) ~[?:?]
	at java.awt.EventQueue$5.run(EventQueue.java:743) ~[?:?]
	at java.security.AccessController.doPrivileged(Native Method) ~[?:?]
	at java.security.ProtectionDomain$JavaSecurityAccessImpl.doIntersectionPrivilege(ProtectionDomain.java:87) ~[?:?]
	at java.awt.EventQueue.dispatchEvent(EventQueue.java:742) ~[?:?]
	at java.awt.EventDispatchThread.pumpOneEventForFilters(EventDispatchThread.java:203) [?:?]
	at java.awt.EventDispatchThread.pumpEventsForFilter(EventDispatchThread.java:124) [?:?]
	at java.awt.EventDispatchThread.pumpEventsForHierarchy(EventDispatchThread.java:113) [?:?]
	at java.awt.EventDispatchThread.pumpEvents(EventDispatchThread.java:109) [?:?]
	at java.awt.EventDispatchThread.pumpEvents(EventDispatchThread.java:101) [?:?]
	at java.awt.EventDispatchThread.run(EventDispatchThread.java:90) [?:?]
2019-08-27 11:06:11,660 INFO o.a.j.g.a.Load: Loading file: /Users/tetianakorchak/Documents/jmeter/temp-Combined-JMeter-and-Selenium.yaml
2019-08-27 11:06:11,663 INFO o.a.j.s.FileServer: Set new base='/Users/tetianakorchak/Documents/jmeter'
2019-08-27 11:06:11,664 INFO o.a.j.s.SaveService: Loading file: /Users/tetianakorchak/Documents/jmeter/temp-Combined-JMeter-and-Selenium.yaml
2019-08-27 11:06:11,687 WARN o.j.r.p.TestPlanAnalyzer: Cannot parse file: /Users/tetianakorchak/Documents/jmeter/temp-Combined-JMeter-and-Selenium.yaml
org.xml.sax.SAXParseException: Content is not allowed in prolog.
	at org.apache.xerces.parsers.DOMParser.parse(Unknown Source) ~[xercesImpl-2.12.0.jar:?]
	at org.apache.xerces.jaxp.DocumentBuilderImpl.parse(Unknown Source) ~[xercesImpl-2.12.0.jar:?]
	at javax.xml.parsers.DocumentBuilder.parse(DocumentBuilder.java:122) ~[?:?]
	at org.jmeterplugins.repository.plugins.TestPlanAnalyzer.getNodeListWithClassNames(TestPlanAnalyzer.java:104) [jmeter-plugins-manager-1.3.jar:?]
	at org.jmeterplugins.repository.plugins.TestPlanAnalyzer.analyze(TestPlanAnalyzer.java:33) [jmeter-plugins-manager-1.3.jar:?]
	at org.jmeterplugins.repository.plugins.PluginSuggester.analyzeTestPlan(PluginSuggester.java:51) [jmeter-plugins-manager-1.3.jar:?]
	at org.jmeterplugins.repository.plugins.PluginSuggester.findPluginsToInstall(PluginSuggester.java:44) [jmeter-plugins-manager-1.3.jar:?]
	at org.jmeterplugins.repository.plugins.PluginSuggester.checkAndSuggest(PluginSuggester.java:28) [jmeter-plugins-manager-1.3.jar:?]
	at org.jmeterplugins.repository.logging.LoggerAppender.append(LoggerAppender.java:33) [jmeter-plugins-manager-1.3.jar:?]
	at org.apache.logging.log4j.core.config.AppenderControl.tryCallAppender(AppenderControl.java:156) [log4j-core-2.11.1.jar:2.11.1]
	at org.apache.logging.log4j.core.config.AppenderControl.callAppender0(AppenderControl.java:129) [log4j-core-2.11.1.jar:2.11.1]
	at org.apache.logging.log4j.core.config.AppenderControl.callAppenderPreventRecursion(AppenderControl.java:120) [log4j-core-2.11.1.jar:2.11.1]
	at org.apache.logging.log4j.core.config.AppenderControl.callAppender(AppenderControl.java:84) [log4j-core-2.11.1.jar:2.11.1]
	at org.apache.logging.log4j.core.config.LoggerConfig.callAppenders(LoggerConfig.java:464) [log4j-core-2.11.1.jar:2.11.1]
	at org.apache.logging.log4j.core.config.LoggerConfig.processLogEvent(LoggerConfig.java:448) [log4j-core-2.11.1.jar:2.11.1]
	at org.apache.logging.log4j.core.config.LoggerConfig.log(LoggerConfig.java:431) [log4j-core-2.11.1.jar:2.11.1]
	at org.apache.logging.log4j.core.config.LoggerConfig.log(LoggerConfig.java:406) [log4j-core-2.11.1.jar:2.11.1]
	at org.apache.logging.log4j.core.config.AwaitCompletionReliabilityStrategy.log(AwaitCompletionReliabilityStrategy.java:63) [log4j-core-2.11.1.jar:2.11.1]
	at org.apache.logging.log4j.core.Logger.logMessage(Logger.java:146) [log4j-core-2.11.1.jar:2.11.1]
	at org.apache.logging.log4j.spi.AbstractLogger.tryLogMessage(AbstractLogger.java:2170) [log4j-api-2.11.1.jar:2.11.1]
	at org.apache.logging.log4j.spi.AbstractLogger.logMessageTrackRecursion(AbstractLogger.java:2125) [log4j-api-2.11.1.jar:2.11.1]
	at org.apache.logging.log4j.spi.AbstractLogger.logMessageSafely(AbstractLogger.java:2108) [log4j-api-2.11.1.jar:2.11.1]
	at org.apache.logging.log4j.spi.AbstractLogger.logMessage(AbstractLogger.java:2019) [log4j-api-2.11.1.jar:2.11.1]
	at org.apache.logging.log4j.spi.AbstractLogger.logIfEnabled(AbstractLogger.java:1890) [log4j-api-2.11.1.jar:2.11.1]
	at org.apache.logging.slf4j.Log4jLogger.info(Log4jLogger.java:184) [log4j-slf4j-impl-2.11.1.jar:2.11.1]
	at org.apache.jmeter.save.SaveService.loadTree(SaveService.java:428) [ApacheJMeter_core.jar:5.1.1 r1855137]
	at org.apache.jmeter.gui.action.Load.loadProjectFile(Load.java:130) [ApacheJMeter_core.jar:5.1.1 r1855137]
	at org.apache.jmeter.gui.action.Load.loadProjectFile(Load.java:102) [ApacheJMeter_core.jar:5.1.1 r1855137]
	at org.apache.jmeter.gui.action.Load.doActionAfterCheck(Load.java:89) [ApacheJMeter_core.jar:5.1.1 r1855137]
	at org.apache.jmeter.gui.action.AbstractActionWithNoRunningTest.doAction(AbstractActionWithNoRunningTest.java:45) [ApacheJMeter_core.jar:5.1.1 r1855137]
	at org.apache.jmeter.gui.action.ActionRouter.performAction(ActionRouter.java:88) [ApacheJMeter_core.jar:5.1.1 r1855137]
	at org.apache.jmeter.gui.action.ActionRouter.lambda$actionPerformed$0(ActionRouter.java:70) [ApacheJMeter_core.jar:5.1.1 r1855137]
	at java.awt.event.InvocationEvent.dispatch(InvocationEvent.java:313) [?:?]
	at java.awt.EventQueue.dispatchEventImpl(EventQueue.java:770) [?:?]
	at java.awt.EventQueue.access$600(EventQueue.java:97) [?:?]
	at java.awt.EventQueue$4.run(EventQueue.java:721) [?:?]
	at java.awt.EventQueue$4.run(EventQueue.java:715) [?:?]
	at java.security.AccessController.doPrivileged(Native Method) [?:?]
	at java.security.ProtectionDomain$JavaSecurityAccessImpl.doIntersectionPrivilege(ProtectionDomain.java:87) [?:?]
	at java.awt.EventQueue.dispatchEvent(EventQueue.java:740) [?:?]
	at java.awt.EventDispatchThread.pumpOneEventForFilters(EventDispatchThread.java:203) [?:?]
	at java.awt.EventDispatchThread.pumpEventsForFilter(EventDispatchThread.java:124) [?:?]
	at java.awt.EventDispatchThread.pumpEventsForHierarchy(EventDispatchThread.java:113) [?:?]
	at java.awt.EventDispatchThread.pumpEvents(EventDispatchThread.java:109) [?:?]
	at java.awt.EventDispatchThread.pumpEvents(EventDispatchThread.java:101) [?:?]
	at java.awt.EventDispatchThread.run(EventDispatchThread.java:90) [?:?]
2019-08-27 11:06:11,695 WARN o.a.j.g.a.Load: Error in XML format. org.xmlpull.v1.XmlPullParserException: only whitespace content allowed before start tag and not # (position: START_DOCUMENT seen \r\n#... @2:2) 
2019-08-27 11:07:40,312 INFO o.a.j.g.a.Load: Loading file: /Users/tetianakorchak/Documents/jmeter/JMeter-scenarios/DeleteUsers.jmx
2019-08-27 11:07:40,314 INFO o.a.j.s.FileServer: Set new base='/Users/tetianakorchak/Documents/jmeter/JMeter-scenarios'
2019-08-27 11:07:40,314 INFO o.a.j.s.SaveService: Loading file: /Users/tetianakorchak/Documents/jmeter/JMeter-scenarios/DeleteUsers.jmx
2019-08-27 11:07:40,384 INFO o.a.j.u.BSFTestElement: Registering JMeter version of JavaScript engine as work-round for BSF-22
2019-08-27 11:07:40,984 INFO o.a.j.s.FileServer: Set new base='/Users/tetianakorchak/Documents/jmeter/JMeter-scenarios'
2019-08-27 11:07:55,737 WARN o.a.j.g.t.JMeterTreeNode: getIcon(): Can't obtain GUI class from class org.apache.jmeter.extractor.BSFPostProcessor
2019-08-27 11:07:55,742 WARN o.a.j.g.t.JMeterTreeNode: getIcon(): Can't obtain GUI class from class org.apache.jmeter.extractor.BSFPostProcessor
2019-08-27 11:07:55,827 WARN o.a.j.g.t.JMeterTreeNode: getIcon(): Can't obtain GUI class from class org.apache.jmeter.extractor.BSFPostProcessor
2019-08-27 11:08:02,782 WARN o.a.j.g.t.JMeterTreeNode: getIcon(): Can't obtain GUI class from class org.apache.jmeter.extractor.BSFPostProcessor
2019-08-27 11:08:05,282 WARN o.a.j.g.t.JMeterTreeNode: getIcon(): Can't obtain GUI class from class org.apache.jmeter.extractor.BSFPostProcessor
2019-08-27 11:08:09,608 WARN o.a.j.g.t.JMeterTreeNode: getIcon(): Can't obtain GUI class from class org.apache.jmeter.extractor.BSFPostProcessor
2019-08-27 11:08:10,708 WARN o.a.j.g.t.JMeterTreeNode: getIcon(): Can't obtain GUI class from class org.apache.jmeter.extractor.BSFPostProcessor
2019-08-27 11:08:10,717 WARN o.a.j.g.t.JMeterTreeNode: getIcon(): Can't obtain GUI class from class org.apache.jmeter.extractor.BSFPostProcessor
2019-08-27 11:08:10,748 WARN o.a.j.g.t.JMeterTreeNode: getIcon(): Can't obtain GUI class from class org.apache.jmeter.extractor.BSFPostProcessor
2019-08-27 11:08:10,823 WARN o.a.j.g.t.JMeterTreeNode: getIcon(): Can't obtain GUI class from class org.apache.jmeter.extractor.BSFPostProcessor
2019-08-27 11:08:19,605 WARN o.a.j.g.t.JMeterTreeNode: getIcon(): Can't obtain GUI class from class org.apache.jmeter.extractor.BSFPostProcessor
2019-08-27 11:08:19,638 WARN o.a.j.g.t.JMeterTreeNode: getIcon(): Can't obtain GUI class from class org.apache.jmeter.extractor.BSFPostProcessor
2019-08-27 11:08:19,709 WARN o.a.j.g.t.JMeterTreeNode: getIcon(): Can't obtain GUI class from class org.apache.jmeter.extractor.BSFPostProcessor
2019-08-27 11:08:23,052 WARN o.a.j.g.t.JMeterTreeNode: getIcon(): Can't obtain GUI class from class org.apache.jmeter.extractor.BSFPostProcessor
2019-08-27 11:08:23,672 WARN o.a.j.g.t.JMeterTreeNode: getIcon(): Can't obtain GUI class from class org.apache.jmeter.extractor.BSFPostProcessor
2019-08-27 11:08:23,771 WARN o.a.j.g.t.JMeterTreeNode: getIcon(): Can't obtain GUI class from class org.apache.jmeter.extractor.BSFPostProcessor
2019-08-27 11:08:25,604 WARN o.a.j.g.t.JMeterTreeNode: getIcon(): Can't obtain GUI class from class org.apache.jmeter.extractor.BSFPostProcessor
2019-08-27 11:08:26,625 WARN o.a.j.g.t.JMeterTreeNode: getIcon(): Can't obtain GUI class from class org.apache.jmeter.extractor.BSFPostProcessor
2019-08-27 11:08:30,828 WARN o.a.j.g.t.JMeterTreeNode: getIcon(): Can't obtain GUI class from class org.apache.jmeter.extractor.BSFPostProcessor
2019-08-27 11:08:35,853 WARN o.a.j.g.t.JMeterTreeNode: getIcon(): Can't obtain GUI class from class org.apache.jmeter.extractor.BSFPostProcessor
2019-08-27 11:08:35,930 WARN o.a.j.g.t.JMeterTreeNode: getIcon(): Can't obtain GUI class from class org.apache.jmeter.extractor.BSFPostProcessor
2019-08-27 11:08:41,443 WARN o.a.j.g.t.JMeterTreeNode: getIcon(): Can't obtain GUI class from class org.apache.jmeter.extractor.BSFPostProcessor
2019-08-27 11:08:41,534 WARN o.a.j.g.t.JMeterTreeNode: getIcon(): Can't obtain GUI class from class org.apache.jmeter.extractor.BSFPostProcessor
2019-08-27 11:08:42,237 WARN o.a.j.g.t.JMeterTreeNode: getIcon(): Can't obtain GUI class from class org.apache.jmeter.extractor.BSFPostProcessor
2019-08-27 11:08:42,298 WARN o.a.j.g.t.JMeterTreeNode: getIcon(): Can't obtain GUI class from class org.apache.jmeter.extractor.BSFPostProcessor
2019-08-27 11:08:46,987 WARN o.a.j.g.t.JMeterTreeNode: getIcon(): Can't obtain GUI class from class org.apache.jmeter.extractor.BSFPostProcessor
2019-08-27 11:08:50,577 WARN o.a.j.g.t.JMeterTreeNode: getIcon(): Can't obtain GUI class from class org.apache.jmeter.extractor.BSFPostProcessor
2019-08-27 11:08:52,288 WARN o.a.j.g.t.JMeterTreeNode: getIcon(): Can't obtain GUI class from class org.apache.jmeter.extractor.BSFPostProcessor
2019-08-27 11:08:53,891 WARN o.a.j.g.t.JMeterTreeNode: getIcon(): Can't obtain GUI class from class org.apache.jmeter.extractor.BSFPostProcessor
2019-08-27 11:08:54,580 WARN o.a.j.g.t.JMeterTreeNode: getIcon(): Can't obtain GUI class from class org.apache.jmeter.extractor.BSFPostProcessor
2019-08-27 11:08:54,581 WARN o.a.j.g.t.JMeterTreeNode: getIcon(): Can't obtain GUI class from class org.apache.jmeter.extractor.BSFPostProcessor
2019-08-27 11:08:54,582 WARN o.a.j.g.t.JMeterTreeNode: getIcon(): Can't obtain GUI class from class org.apache.jmeter.extractor.BSFPostProcessor
2019-08-27 11:08:54,670 WARN o.a.j.g.t.JMeterTreeNode: getIcon(): Can't obtain GUI class from class org.apache.jmeter.extractor.BSFPostProcessor
2019-08-27 11:08:54,670 WARN o.a.j.g.t.JMeterTreeNode: getIcon(): Can't obtain GUI class from class org.apache.jmeter.extractor.BSFPostProcessor
2019-08-27 11:09:00,663 WARN o.a.j.g.t.JMeterTreeNode: getIcon(): Can't obtain GUI class from class org.apache.jmeter.extractor.BSFPostProcessor
2019-08-27 11:09:00,664 WARN o.a.j.g.t.JMeterTreeNode: getIcon(): Can't obtain GUI class from class org.apache.jmeter.extractor.BSFPostProcessor
2019-08-27 11:09:04,151 WARN o.a.j.g.t.JMeterTreeNode: getIcon(): Can't obtain GUI class from class org.apache.jmeter.extractor.BSFPostProcessor
2019-08-27 11:09:04,156 WARN o.a.j.g.t.JMeterTreeNode: getIcon(): Can't obtain GUI class from class org.apache.jmeter.extractor.BSFPostProcessor
2019-08-27 11:09:04,182 WARN o.a.j.g.t.JMeterTreeNode: getIcon(): Can't obtain GUI class from class org.apache.jmeter.extractor.BSFPostProcessor
2019-08-27 11:09:04,297 WARN o.a.j.g.t.JMeterTreeNode: getIcon(): Can't obtain GUI class from class org.apache.jmeter.extractor.BSFPostProcessor
2019-08-27 11:09:04,302 WARN o.a.j.g.t.JMeterTreeNode: getIcon(): Can't obtain GUI class from class org.apache.jmeter.extractor.BSFPostProcessor
2019-08-27 11:09:07,622 WARN o.a.j.g.t.JMeterTreeNode: getIcon(): Can't obtain GUI class from class org.apache.jmeter.extractor.BSFPostProcessor
2019-08-27 11:09:07,644 WARN o.a.j.g.t.JMeterTreeNode: getIcon(): Can't obtain GUI class from class org.apache.jmeter.extractor.BSFPostProcessor
2019-08-27 11:09:07,774 WARN o.a.j.g.t.JMeterTreeNode: getIcon(): Can't obtain GUI class from class org.apache.jmeter.extractor.BSFPostProcessor
2019-08-27 11:09:07,775 WARN o.a.j.g.t.JMeterTreeNode: getIcon(): Can't obtain GUI class from class org.apache.jmeter.extractor.BSFPostProcessor
2019-08-27 11:09:08,425 WARN o.a.j.g.t.JMeterTreeNode: getIcon(): Can't obtain GUI class from class org.apache.jmeter.extractor.BSFPostProcessor
2019-08-27 11:09:08,425 WARN o.a.j.g.t.JMeterTreeNode: getIcon(): Can't obtain GUI class from class org.apache.jmeter.extractor.BSFPostProcessor
2019-08-27 11:09:09,814 WARN o.a.j.g.t.JMeterTreeNode: getIcon(): Can't obtain GUI class from class org.apache.jmeter.extractor.BSFPostProcessor
2019-08-27 11:09:09,815 WARN o.a.j.g.t.JMeterTreeNode: getIcon(): Can't obtain GUI class from class org.apache.jmeter.extractor.BSFPostProcessor
2019-08-27 11:09:09,896 WARN o.a.j.g.t.JMeterTreeNode: getIcon(): Can't obtain GUI class from class org.apache.jmeter.extractor.BSFPostProcessor
2019-08-27 11:09:09,897 WARN o.a.j.g.t.JMeterTreeNode: getIcon(): Can't obtain GUI class from class org.apache.jmeter.extractor.BSFPostProcessor
2019-08-27 11:09:10,541 WARN o.a.j.g.t.JMeterTreeNode: getIcon(): Can't obtain GUI class from class org.apache.jmeter.extractor.BSFPostProcessor
2019-08-27 11:09:10,542 WARN o.a.j.g.t.JMeterTreeNode: getIcon(): Can't obtain GUI class from class org.apache.jmeter.extractor.BSFPostProcessor
2019-08-27 11:09:11,815 WARN o.a.j.g.t.JMeterTreeNode: getIcon(): Can't obtain GUI class from class org.apache.jmeter.extractor.BSFPostProcessor
2019-08-27 11:09:11,815 WARN o.a.j.g.t.JMeterTreeNode: getIcon(): Can't obtain GUI class from class org.apache.jmeter.extractor.BSFPostProcessor
2019-08-27 11:09:17,056 WARN o.a.j.g.t.JMeterTreeNode: getIcon(): Can't obtain GUI class from class org.apache.jmeter.modifiers.BSFPreProcessor
2019-08-27 11:09:17,058 WARN o.a.j.g.t.JMeterTreeNode: getIcon(): Can't obtain GUI class from class org.apache.jmeter.extractor.BSFPostProcessor
2019-08-27 11:09:17,060 WARN o.a.j.g.t.JMeterTreeNode: getIcon(): Can't obtain GUI class from class org.apache.jmeter.extractor.BSFPostProcessor
2019-08-27 11:09:17,061 WARN o.a.j.g.t.JMeterTreeNode: getIcon(): Can't obtain GUI class from class org.apache.jmeter.modifiers.BSFPreProcessor
2019-08-27 11:09:17,154 WARN o.a.j.g.t.JMeterTreeNode: getIcon(): Can't obtain GUI class from class org.apache.jmeter.extractor.BSFPostProcessor
2019-08-27 11:09:17,154 WARN o.a.j.g.t.JMeterTreeNode: getIcon(): Can't obtain GUI class from class org.apache.jmeter.extractor.BSFPostProcessor
2019-08-27 11:09:17,155 WARN o.a.j.g.t.JMeterTreeNode: getIcon(): Can't obtain GUI class from class org.apache.jmeter.modifiers.BSFPreProcessor
2019-08-27 11:09:18,515 WARN o.a.j.g.t.JMeterTreeNode: getIcon(): Can't obtain GUI class from class org.apache.jmeter.extractor.BSFPostProcessor
2019-08-27 11:09:18,516 WARN o.a.j.g.t.JMeterTreeNode: getIcon(): Can't obtain GUI class from class org.apache.jmeter.extractor.BSFPostProcessor
2019-08-27 11:09:18,516 WARN o.a.j.g.t.JMeterTreeNode: getIcon(): Can't obtain GUI class from class org.apache.jmeter.modifiers.BSFPreProcessor
2019-08-27 11:09:18,629 WARN o.a.j.g.t.JMeterTreeNode: getIcon(): Can't obtain GUI class from class org.apache.jmeter.extractor.BSFPostProcessor
2019-08-27 11:09:18,630 WARN o.a.j.g.t.JMeterTreeNode: getIcon(): Can't obtain GUI class from class org.apache.jmeter.extractor.BSFPostProcessor
2019-08-27 11:09:18,630 WARN o.a.j.g.t.JMeterTreeNode: getIcon(): Can't obtain GUI class from class org.apache.jmeter.modifiers.BSFPreProcessor
2019-08-27 11:09:21,429 WARN o.a.j.g.t.JMeterTreeNode: getIcon(): Can't obtain GUI class from class org.apache.jmeter.modifiers.BSFPreProcessor
2019-08-27 11:09:21,532 WARN o.a.j.g.t.JMeterTreeNode: getIcon(): Can't obtain GUI class from class org.apache.jmeter.extractor.BSFPostProcessor
2019-08-27 11:09:21,532 WARN o.a.j.g.t.JMeterTreeNode: getIcon(): Can't obtain GUI class from class org.apache.jmeter.extractor.BSFPostProcessor
2019-08-27 11:09:21,532 WARN o.a.j.g.t.JMeterTreeNode: getIcon(): Can't obtain GUI class from class org.apache.jmeter.modifiers.BSFPreProcessor
2019-08-27 11:09:35,023 WARN o.a.j.g.t.JMeterTreeNode: getIcon(): Can't obtain GUI class from class org.apache.jmeter.extractor.BSFPostProcessor
2019-08-27 11:09:35,025 WARN o.a.j.g.t.JMeterTreeNode: getIcon(): Can't obtain GUI class from class org.apache.jmeter.extractor.BSFPostProcessor
2019-08-27 11:09:35,026 WARN o.a.j.g.t.JMeterTreeNode: getIcon(): Can't obtain GUI class from class org.apache.jmeter.modifiers.BSFPreProcessor
2019-08-27 11:09:47,248 INFO o.a.j.g.a.Load: Loading file: /Users/tetianakorchak/Documents/jmeter/JMeter-scenarios/GetImages.jmx
2019-08-27 11:09:47,249 INFO o.a.j.s.FileServer: Set new base='/Users/tetianakorchak/Documents/jmeter/JMeter-scenarios'
2019-08-27 11:09:47,249 INFO o.a.j.s.SaveService: Loading file: /Users/tetianakorchak/Documents/jmeter/JMeter-scenarios/GetImages.jmx
2019-08-27 11:09:47,549 INFO o.a.j.s.FileServer: Set new base='/Users/tetianakorchak/Documents/jmeter/JMeter-scenarios'
2019-08-27 11:09:49,785 WARN o.a.j.g.t.JMeterTreeNode: getIcon(): Can't obtain GUI class from class org.apache.jmeter.modifiers.BSFPreProcessor
2019-08-27 11:09:49,786 WARN o.a.j.g.t.JMeterTreeNode: getIcon(): Can't obtain GUI class from class org.apache.jmeter.modifiers.BSFPreProcessor
2019-08-27 11:09:49,907 WARN o.a.j.g.t.JMeterTreeNode: getIcon(): Can't obtain GUI class from class org.apache.jmeter.modifiers.BSFPreProcessor
2019-08-27 11:09:52,247 WARN o.a.j.g.t.JMeterTreeNode: getIcon(): Can't obtain GUI class from class org.apache.jmeter.modifiers.BSFPreProcessor
2019-08-27 11:09:52,360 WARN o.a.j.g.t.JMeterTreeNode: getIcon(): Can't obtain GUI class from class org.apache.jmeter.modifiers.BSFPreProcessor
2019-08-27 11:09:53,317 WARN o.a.j.g.t.JMeterTreeNode: getIcon(): Can't obtain GUI class from class org.apache.jmeter.modifiers.BSFPreProcessor
2019-08-27 11:09:53,387 WARN o.a.j.g.t.JMeterTreeNode: getIcon(): Can't obtain GUI class from class org.apache.jmeter.modifiers.BSFPreProcessor
2019-08-27 11:09:54,141 WARN o.a.j.g.t.JMeterTreeNode: getIcon(): Can't obtain GUI class from class org.apache.jmeter.modifiers.BSFPreProcessor
2019-08-27 11:09:54,152 WARN o.a.j.g.t.JMeterTreeNode: getIcon(): Can't obtain GUI class from class org.apache.jmeter.modifiers.BSFPreProcessor
2019-08-27 11:09:55,865 WARN o.a.j.g.t.JMeterTreeNode: getIcon(): Can't obtain GUI class from class org.apache.jmeter.modifiers.BSFPreProcessor
2019-08-27 11:09:56,885 WARN o.a.j.g.t.JMeterTreeNode: getIcon(): Can't obtain GUI class from class org.apache.jmeter.modifiers.BSFPreProcessor
2019-08-27 11:09:58,739 WARN o.a.j.g.t.JMeterTreeNode: getIcon(): Can't obtain GUI class from class org.apache.jmeter.modifiers.BSFPreProcessor
2019-08-27 11:09:59,926 WARN o.a.j.g.t.JMeterTreeNode: getIcon(): Can't obtain GUI class from class org.apache.jmeter.modifiers.BSFPreProcessor
2019-08-27 11:10:01,134 WARN o.a.j.g.t.JMeterTreeNode: getIcon(): Can't obtain GUI class from class org.apache.jmeter.modifiers.BSFPreProcessor
2019-08-27 11:10:02,819 WARN o.a.j.g.t.JMeterTreeNode: getIcon(): Can't obtain GUI class from class org.apache.jmeter.modifiers.BSFPreProcessor
2019-08-27 11:10:03,904 WARN o.a.j.g.t.JMeterTreeNode: getIcon(): Can't obtain GUI class from class org.apache.jmeter.modifiers.BSFPreProcessor
2019-08-27 11:10:07,600 WARN o.a.j.g.t.JMeterTreeNode: getIcon(): Can't obtain GUI class from class org.apache.jmeter.modifiers.BSFPreProcessor
2019-08-27 11:10:07,605 WARN o.a.j.g.t.JMeterTreeNode: getIcon(): Can't obtain GUI class from class org.apache.jmeter.modifiers.BSFPreProcessor
2019-08-27 11:10:07,633 WARN o.a.j.g.t.JMeterTreeNode: getIcon(): Can't obtain GUI class from class org.apache.jmeter.modifiers.BSFPreProcessor
2019-08-27 11:10:07,721 WARN o.a.j.g.t.JMeterTreeNode: getIcon(): Can't obtain GUI class from class org.apache.jmeter.modifiers.BSFPreProcessor
2019-08-27 11:10:11,461 WARN o.a.j.g.t.JMeterTreeNode: getIcon(): Can't obtain GUI class from class org.apache.jmeter.modifiers.BSFPreProcessor
2019-08-27 11:10:11,462 WARN o.a.j.g.t.JMeterTreeNode: getIcon(): Can't obtain GUI class from class org.apache.jmeter.modifiers.BSFPreProcessor
2019-08-27 11:10:11,463 WARN o.a.j.g.t.JMeterTreeNode: getIcon(): Can't obtain GUI class from class org.apache.jmeter.modifiers.BSFPreProcessor
2019-08-27 11:10:11,543 WARN o.a.j.g.t.JMeterTreeNode: getIcon(): Can't obtain GUI class from class org.apache.jmeter.modifiers.BSFPreProcessor
2019-08-27 11:10:11,543 WARN o.a.j.g.t.JMeterTreeNode: getIcon(): Can't obtain GUI class from class org.apache.jmeter.modifiers.BSFPreProcessor
2019-08-27 11:10:12,314 WARN o.a.j.g.t.JMeterTreeNode: getIcon(): Can't obtain GUI class from class org.apache.jmeter.modifiers.BSFPreProcessor
2019-08-27 11:10:12,318 WARN o.a.j.g.t.JMeterTreeNode: getIcon(): Can't obtain GUI class from class org.apache.jmeter.modifiers.BSFPreProcessor
2019-08-27 11:10:12,324 WARN o.a.j.g.t.JMeterTreeNode: getIcon(): Can't obtain GUI class from class org.apache.jmeter.modifiers.BSFPreProcessor
2019-08-27 11:10:12,347 WARN o.a.j.g.t.JMeterTreeNode: getIcon(): Can't obtain GUI class from class org.apache.jmeter.modifiers.BSFPreProcessor
2019-08-27 11:10:12,350 WARN o.a.j.g.t.JMeterTreeNode: getIcon(): Can't obtain GUI class from class org.apache.jmeter.modifiers.BSFPreProcessor
2019-08-27 11:10:12,420 WARN o.a.j.g.t.JMeterTreeNode: getIcon(): Can't obtain GUI class from class org.apache.jmeter.modifiers.BSFPreProcessor
2019-08-27 11:10:12,421 WARN o.a.j.g.t.JMeterTreeNode: getIcon(): Can't obtain GUI class from class org.apache.jmeter.modifiers.BSFPreProcessor
2019-08-27 11:10:14,115 WARN o.a.j.g.t.JMeterTreeNode: getIcon(): Can't obtain GUI class from class org.apache.jmeter.modifiers.BSFPreProcessor
2019-08-27 11:10:14,256 WARN o.a.j.g.t.JMeterTreeNode: getIcon(): Can't obtain GUI class from class org.apache.jmeter.modifiers.BSFPreProcessor
2019-08-27 11:10:14,343 WARN o.a.j.g.t.JMeterTreeNode: getIcon(): Can't obtain GUI class from class org.apache.jmeter.modifiers.BSFPreProcessor
2019-08-27 11:10:15,962 WARN o.a.j.g.t.JMeterTreeNode: getIcon(): Can't obtain GUI class from class org.apache.jmeter.modifiers.BSFPreProcessor
2019-08-27 11:10:15,966 WARN o.a.j.g.t.JMeterTreeNode: getIcon(): Can't obtain GUI class from class org.apache.jmeter.modifiers.BSFPreProcessor
2019-08-27 11:10:15,992 INFO o.a.j.g.a.Load: Loading file: /Users/tetianakorchak/Documents/jmeter/JMeter-scenarios/Login2.jmx
2019-08-27 11:10:15,992 INFO o.a.j.s.FileServer: Set new base='/Users/tetianakorchak/Documents/jmeter/JMeter-scenarios'
2019-08-27 11:10:15,993 INFO o.a.j.s.SaveService: Loading file: /Users/tetianakorchak/Documents/jmeter/JMeter-scenarios/Login2.jmx
2019-08-27 11:10:16,656 INFO o.a.j.s.FileServer: Set new base='/Users/tetianakorchak/Documents/jmeter/JMeter-scenarios'
2019-08-27 11:10:59,354 WARN o.a.j.g.t.JMeterTreeNode: getIcon(): Can't obtain GUI class from class org.apache.jmeter.modifiers.BSFPreProcessor
2019-08-27 11:10:59,356 WARN o.a.j.g.t.JMeterTreeNode: getIcon(): Can't obtain GUI class from class org.apache.jmeter.modifiers.BSFPreProcessor
2019-08-27 11:10:59,493 WARN o.a.j.g.t.JMeterTreeNode: getIcon(): Can't obtain GUI class from class org.apache.jmeter.modifiers.BSFPreProcessor
2019-08-27 11:11:00,288 WARN o.a.j.g.t.JMeterTreeNode: getIcon(): Can't obtain GUI class from class org.apache.jmeter.modifiers.BSFPreProcessor
2019-08-27 11:11:00,706 WARN o.a.j.g.t.JMeterTreeNode: getIcon(): Can't obtain GUI class from class org.apache.jmeter.modifiers.BSFPreProcessor
2019-08-27 11:11:00,711 WARN o.a.j.g.t.JMeterTreeNode: getIcon(): Can't obtain GUI class from class org.apache.jmeter.modifiers.BSFPreProcessor
2019-08-27 11:11:00,727 WARN o.a.j.g.t.JMeterTreeNode: getIcon(): Can't obtain GUI class from class org.apache.jmeter.modifiers.BSFPreProcessor
2019-08-27 11:11:00,813 WARN o.a.j.g.t.JMeterTreeNode: getIcon(): Can't obtain GUI class from class org.apache.jmeter.modifiers.BSFPreProcessor
2019-08-27 11:11:02,230 WARN o.a.j.g.t.JMeterTreeNode: getIcon(): Can't obtain GUI class from class org.apache.jmeter.modifiers.BSFPreProcessor
2019-08-27 11:11:02,339 WARN o.a.j.g.t.JMeterTreeNode: getIcon(): Can't obtain GUI class from class org.apache.jmeter.modifiers.BSFPreProcessor
2019-08-27 11:11:02,345 WARN o.a.j.g.t.JMeterTreeNode: getIcon(): Can't obtain GUI class from class org.apache.jmeter.modifiers.BSFPreProcessor
2019-08-27 11:11:03,372 WARN o.a.j.g.t.JMeterTreeNode: getIcon(): Can't obtain GUI class from class org.apache.jmeter.modifiers.BSFPreProcessor
2019-08-27 11:11:04,515 WARN o.a.j.g.t.JMeterTreeNode: getIcon(): Can't obtain GUI class from class org.apache.jmeter.modifiers.BSFPreProcessor
2019-08-27 11:11:04,517 WARN o.a.j.g.t.JMeterTreeNode: getIcon(): Can't obtain GUI class from class org.apache.jmeter.modifiers.BSFPreProcessor
2019-08-27 11:11:04,517 WARN o.a.j.g.t.JMeterTreeNode: getIcon(): Can't obtain GUI class from class org.apache.jmeter.modifiers.BSFPreProcessor
2019-08-27 11:11:04,588 WARN o.a.j.g.t.JMeterTreeNode: getIcon(): Can't obtain GUI class from class org.apache.jmeter.modifiers.BSFPreProcessor
2019-08-27 11:11:04,588 WARN o.a.j.g.t.JMeterTreeNode: getIcon(): Can't obtain GUI class from class org.apache.jmeter.modifiers.BSFPreProcessor
2019-08-27 11:11:05,231 WARN o.a.j.g.t.JMeterTreeNode: getIcon(): Can't obtain GUI class from class org.apache.jmeter.modifiers.BSFPreProcessor
2019-08-27 11:11:05,328 WARN o.a.j.g.t.JMeterTreeNode: getIcon(): Can't obtain GUI class from class org.apache.jmeter.modifiers.BSFPreProcessor
2019-08-27 11:11:05,329 WARN o.a.j.g.t.JMeterTreeNode: getIcon(): Can't obtain GUI class from class org.apache.jmeter.modifiers.BSFPreProcessor
2019-08-27 11:11:05,975 WARN o.a.j.g.t.JMeterTreeNode: getIcon(): Can't obtain GUI class from class org.apache.jmeter.modifiers.BSFPreProcessor
2019-08-27 11:11:05,976 WARN o.a.j.g.t.JMeterTreeNode: getIcon(): Can't obtain GUI class from class org.apache.jmeter.modifiers.BSFPreProcessor
2019-08-27 11:11:06,054 WARN o.a.j.g.t.JMeterTreeNode: getIcon(): Can't obtain GUI class from class org.apache.jmeter.modifiers.BSFPreProcessor
2019-08-27 11:11:06,055 WARN o.a.j.g.t.JMeterTreeNode: getIcon(): Can't obtain GUI class from class org.apache.jmeter.modifiers.BSFPreProcessor
2019-08-27 11:11:10,626 INFO o.a.j.g.a.Load: Loading file: /Users/tetianakorchak/Documents/jmeter/JMeter-scenarios/MultiTenantInstanceBoot.jmx
2019-08-27 11:11:10,627 INFO o.a.j.s.FileServer: Set new base='/Users/tetianakorchak/Documents/jmeter/JMeter-scenarios'
2019-08-27 11:11:10,627 INFO o.a.j.s.SaveService: Loading file: /Users/tetianakorchak/Documents/jmeter/JMeter-scenarios/MultiTenantInstanceBoot.jmx
2019-08-27 11:11:12,244 INFO o.a.j.s.FileServer: Set new base='/Users/tetianakorchak/Documents/jmeter/JMeter-scenarios'
2019-08-27 11:11:14,749 WARN o.a.j.g.t.JMeterTreeNode: getIcon(): Can't obtain GUI class from class org.apache.jmeter.modifiers.BSFPreProcessor
2019-08-27 11:11:14,750 WARN o.a.j.g.t.JMeterTreeNode: getIcon(): Can't obtain GUI class from class org.apache.jmeter.modifiers.BSFPreProcessor
2019-08-27 11:11:14,838 WARN o.a.j.g.t.JMeterTreeNode: getIcon(): Can't obtain GUI class from class org.apache.jmeter.modifiers.BSFPreProcessor
2019-08-27 11:11:16,340 WARN o.a.j.g.t.JMeterTreeNode: getIcon(): Can't obtain GUI class from class org.apache.jmeter.modifiers.BSFPreProcessor
2019-08-27 11:11:16,432 WARN o.a.j.g.t.JMeterTreeNode: getIcon(): Can't obtain GUI class from class org.apache.jmeter.modifiers.BSFPreProcessor
2019-08-27 11:11:17,366 WARN o.a.j.g.t.JMeterTreeNode: getIcon(): Can't obtain GUI class from class org.apache.jmeter.modifiers.BSFPreProcessor
2019-08-27 11:11:17,393 WARN o.a.j.g.t.JMeterTreeNode: getIcon(): Can't obtain GUI class from class org.apache.jmeter.modifiers.BSFPreProcessor
2019-08-27 11:11:19,877 WARN o.a.j.g.t.JMeterTreeNode: getIcon(): Can't obtain GUI class from class org.apache.jmeter.modifiers.BSFPreProcessor
2019-08-27 11:11:21,388 WARN o.a.j.g.t.JMeterTreeNode: getIcon(): Can't obtain GUI class from class org.apache.jmeter.modifiers.BSFPreProcessor
2019-08-27 11:11:23,459 WARN o.a.j.g.t.JMeterTreeNode: getIcon(): Can't obtain GUI class from class org.apache.jmeter.modifiers.BSFPreProcessor
2019-08-27 11:11:24,373 WARN o.a.j.g.t.JMeterTreeNode: getIcon(): Can't obtain GUI class from class org.apache.jmeter.modifiers.BSFPreProcessor
2019-08-27 11:11:24,462 WARN o.a.j.g.t.JMeterTreeNode: getIcon(): Can't obtain GUI class from class org.apache.jmeter.modifiers.BSFPreProcessor
2019-08-27 11:11:26,256 WARN o.a.j.g.t.JMeterTreeNode: getIcon(): Can't obtain GUI class from class org.apache.jmeter.modifiers.BSFPreProcessor
2019-08-27 11:11:27,383 WARN o.a.j.g.t.JMeterTreeNode: getIcon(): Can't obtain GUI class from class org.apache.jmeter.modifiers.BSFPreProcessor
2019-08-27 11:11:28,360 WARN o.a.j.g.t.JMeterTreeNode: getIcon(): Can't obtain GUI class from class org.apache.jmeter.modifiers.BSFPreProcessor
2019-08-27 11:11:29,500 WARN o.a.j.g.t.JMeterTreeNode: getIcon(): Can't obtain GUI class from class org.apache.jmeter.modifiers.BSFPreProcessor
2019-08-27 11:11:29,590 WARN o.a.j.g.t.JMeterTreeNode: getIcon(): Can't obtain GUI class from class org.apache.jmeter.modifiers.BSFPreProcessor
2019-08-27 11:11:30,363 WARN o.a.j.g.t.JMeterTreeNode: getIcon(): Can't obtain GUI class from class org.apache.jmeter.modifiers.BSFPreProcessor
2019-08-27 11:11:31,042 WARN o.a.j.g.t.JMeterTreeNode: getIcon(): Can't obtain GUI class from class org.apache.jmeter.modifiers.BSFPreProcessor
2019-08-27 11:11:31,112 WARN o.a.j.g.t.JMeterTreeNode: getIcon(): Can't obtain GUI class from class org.apache.jmeter.modifiers.BSFPreProcessor
2019-08-27 11:11:32,347 WARN o.a.j.g.t.JMeterTreeNode: getIcon(): Can't obtain GUI class from class org.apache.jmeter.timers.BSFTimer
2019-08-27 11:11:32,347 WARN o.a.j.g.t.JMeterTreeNode: getIcon(): Can't obtain GUI class from class org.apache.jmeter.extractor.BSFPostProcessor
2019-08-27 11:11:32,348 WARN o.a.j.g.t.JMeterTreeNode: getIcon(): Can't obtain GUI class from class org.apache.jmeter.modifiers.BSFPreProcessor
2019-08-27 11:11:32,348 WARN o.a.j.g.t.JMeterTreeNode: getIcon(): Can't obtain GUI class from class org.apache.jmeter.timers.BSFTimer
2019-08-27 11:11:32,348 WARN o.a.j.g.t.JMeterTreeNode: getIcon(): Can't obtain GUI class from class org.apache.jmeter.extractor.BSFPostProcessor
2019-08-27 11:11:32,426 WARN o.a.j.g.t.JMeterTreeNode: getIcon(): Can't obtain GUI class from class org.apache.jmeter.modifiers.BSFPreProcessor
2019-08-27 11:11:32,427 WARN o.a.j.g.t.JMeterTreeNode: getIcon(): Can't obtain GUI class from class org.apache.jmeter.timers.BSFTimer
2019-08-27 11:11:32,427 WARN o.a.j.g.t.JMeterTreeNode: getIcon(): Can't obtain GUI class from class org.apache.jmeter.extractor.BSFPostProcessor
2019-08-27 11:11:33,244 WARN o.a.j.g.t.JMeterTreeNode: getIcon(): Can't obtain GUI class from class org.apache.jmeter.modifiers.BSFPreProcessor
2019-08-27 11:11:33,245 WARN o.a.j.g.t.JMeterTreeNode: getIcon(): Can't obtain GUI class from class org.apache.jmeter.timers.BSFTimer
2019-08-27 11:11:33,245 WARN o.a.j.g.t.JMeterTreeNode: getIcon(): Can't obtain GUI class from class org.apache.jmeter.extractor.BSFPostProcessor
2019-08-27 11:11:41,929 WARN o.a.j.g.t.JMeterTreeNode: getIcon(): Can't obtain GUI class from class org.apache.jmeter.modifiers.BSFPreProcessor
2019-08-27 11:11:41,932 WARN o.a.j.g.t.JMeterTreeNode: getIcon(): Can't obtain GUI class from class org.apache.jmeter.timers.BSFTimer
2019-08-27 11:11:41,932 WARN o.a.j.g.t.JMeterTreeNode: getIcon(): Can't obtain GUI class from class org.apache.jmeter.extractor.BSFPostProcessor
2019-08-27 11:11:43,239 WARN o.a.j.g.t.JMeterTreeNode: getIcon(): Can't obtain GUI class from class org.apache.jmeter.modifiers.BSFPreProcessor
2019-08-27 11:11:43,240 WARN o.a.j.g.t.JMeterTreeNode: getIcon(): Can't obtain GUI class from class org.apache.jmeter.timers.BSFTimer
2019-08-27 11:11:43,240 WARN o.a.j.g.t.JMeterTreeNode: getIcon(): Can't obtain GUI class from class org.apache.jmeter.extractor.BSFPostProcessor
2019-08-27 11:11:44,493 WARN o.a.j.g.t.JMeterTreeNode: getIcon(): Can't obtain GUI class from class org.apache.jmeter.modifiers.BSFPreProcessor
2019-08-27 11:11:44,494 WARN o.a.j.g.t.JMeterTreeNode: getIcon(): Can't obtain GUI class from class org.apache.jmeter.timers.BSFTimer
2019-08-27 11:11:44,494 WARN o.a.j.g.t.JMeterTreeNode: getIcon(): Can't obtain GUI class from class org.apache.jmeter.extractor.BSFPostProcessor
2019-08-27 11:11:45,255 WARN o.a.j.g.t.JMeterTreeNode: getIcon(): Can't obtain GUI class from class org.apache.jmeter.modifiers.BSFPreProcessor
2019-08-27 11:11:45,256 WARN o.a.j.g.t.JMeterTreeNode: getIcon(): Can't obtain GUI class from class org.apache.jmeter.timers.BSFTimer
2019-08-27 11:11:45,257 WARN o.a.j.g.t.JMeterTreeNode: getIcon(): Can't obtain GUI class from class org.apache.jmeter.extractor.BSFPostProcessor
2019-08-27 11:11:47,984 WARN o.a.j.g.t.JMeterTreeNode: getIcon(): Can't obtain GUI class from class org.apache.jmeter.modifiers.BSFPreProcessor
2019-08-27 11:11:47,985 WARN o.a.j.g.t.JMeterTreeNode: getIcon(): Can't obtain GUI class from class org.apache.jmeter.timers.BSFTimer
2019-08-27 11:11:47,985 WARN o.a.j.g.t.JMeterTreeNode: getIcon(): Can't obtain GUI class from class org.apache.jmeter.extractor.BSFPostProcessor
2019-08-27 11:11:48,113 WARN o.a.j.g.t.JMeterTreeNode: getIcon(): Can't obtain GUI class from class org.apache.jmeter.modifiers.BSFPreProcessor
2019-08-27 11:11:48,113 WARN o.a.j.g.t.JMeterTreeNode: getIcon(): Can't obtain GUI class from class org.apache.jmeter.timers.BSFTimer
2019-08-27 11:11:48,114 WARN o.a.j.g.t.JMeterTreeNode: getIcon(): Can't obtain GUI class from class org.apache.jmeter.extractor.BSFPostProcessor
2019-08-27 11:11:48,995 WARN o.a.j.g.t.JMeterTreeNode: getIcon(): Can't obtain GUI class from class org.apache.jmeter.modifiers.BSFPreProcessor
2019-08-27 11:11:48,996 WARN o.a.j.g.t.JMeterTreeNode: getIcon(): Can't obtain GUI class from class org.apache.jmeter.modifiers.BSFPreProcessor
2019-08-27 11:11:48,997 WARN o.a.j.g.t.JMeterTreeNode: getIcon(): Can't obtain GUI class from class org.apache.jmeter.timers.BSFTimer
2019-08-27 11:11:48,997 WARN o.a.j.g.t.JMeterTreeNode: getIcon(): Can't obtain GUI class from class org.apache.jmeter.extractor.BSFPostProcessor
2019-08-27 11:11:48,997 WARN o.a.j.g.t.JMeterTreeNode: getIcon(): Can't obtain GUI class from class org.apache.jmeter.modifiers.BSFPreProcessor
2019-08-27 11:11:49,090 WARN o.a.j.g.t.JMeterTreeNode: getIcon(): Can't obtain GUI class from class org.apache.jmeter.modifiers.BSFPreProcessor
2019-08-27 11:11:49,091 WARN o.a.j.g.t.JMeterTreeNode: getIcon(): Can't obtain GUI class from class org.apache.jmeter.timers.BSFTimer
2019-08-27 11:11:49,091 WARN o.a.j.g.t.JMeterTreeNode: getIcon(): Can't obtain GUI class from class org.apache.jmeter.extractor.BSFPostProcessor
2019-08-27 11:11:49,092 WARN o.a.j.g.t.JMeterTreeNode: getIcon(): Can't obtain GUI class from class org.apache.jmeter.modifiers.BSFPreProcessor
2019-08-27 11:11:51,109 WARN o.a.j.g.t.JMeterTreeNode: getIcon(): Can't obtain GUI class from class org.apache.jmeter.extractor.BSFPostProcessor
2019-08-27 11:11:51,110 WARN o.a.j.g.t.JMeterTreeNode: getIcon(): Can't obtain GUI class from class org.apache.jmeter.modifiers.BSFPreProcessor
2019-08-27 11:11:51,110 WARN o.a.j.g.t.JMeterTreeNode: getIcon(): Can't obtain GUI class from class org.apache.jmeter.timers.BSFTimer
2019-08-27 11:11:51,111 WARN o.a.j.g.t.JMeterTreeNode: getIcon(): Can't obtain GUI class from class org.apache.jmeter.extractor.BSFPostProcessor
2019-08-27 11:11:51,111 WARN o.a.j.g.t.JMeterTreeNode: getIcon(): Can't obtain GUI class from class org.apache.jmeter.modifiers.BSFPreProcessor
2019-08-27 11:11:51,111 WARN o.a.j.g.t.JMeterTreeNode: getIcon(): Can't obtain GUI class from class org.apache.jmeter.extractor.BSFPostProcessor
2019-08-27 11:11:51,214 WARN o.a.j.g.t.JMeterTreeNode: getIcon(): Can't obtain GUI class from class org.apache.jmeter.modifiers.BSFPreProcessor
2019-08-27 11:11:51,214 WARN o.a.j.g.t.JMeterTreeNode: getIcon(): Can't obtain GUI class from class org.apache.jmeter.timers.BSFTimer
2019-08-27 11:11:51,214 WARN o.a.j.g.t.JMeterTreeNode: getIcon(): Can't obtain GUI class from class org.apache.jmeter.extractor.BSFPostProcessor
2019-08-27 11:11:51,215 WARN o.a.j.g.t.JMeterTreeNode: getIcon(): Can't obtain GUI class from class org.apache.jmeter.modifiers.BSFPreProcessor
2019-08-27 11:11:51,216 WARN o.a.j.g.t.JMeterTreeNode: getIcon(): Can't obtain GUI class from class org.apache.jmeter.extractor.BSFPostProcessor
2019-08-27 11:11:58,839 INFO o.a.j.g.a.Load: Loading file: /Users/tetianakorchak/Documents/jmeter/JMeter-scenarios/PerformanceTestPlan.jmx
2019-08-27 11:11:58,841 INFO o.a.j.s.FileServer: Set new base='/Users/tetianakorchak/Documents/jmeter/JMeter-scenarios'
2019-08-27 11:11:58,841 INFO o.a.j.s.SaveService: Loading file: /Users/tetianakorchak/Documents/jmeter/JMeter-scenarios/PerformanceTestPlan.jmx
2019-08-27 11:11:58,970 INFO o.a.j.s.FileServer: Set new base='/Users/tetianakorchak/Documents/jmeter/JMeter-scenarios'
2019-08-27 11:12:13,716 INFO o.a.j.g.a.Load: Loading file: /Users/tetianakorchak/Documents/jmeter/JMeter-scenarios/PutServerMetadata.jmx
2019-08-27 11:12:13,717 INFO o.a.j.s.FileServer: Set new base='/Users/tetianakorchak/Documents/jmeter/JMeter-scenarios'
2019-08-27 11:12:13,717 INFO o.a.j.s.SaveService: Loading file: /Users/tetianakorchak/Documents/jmeter/JMeter-scenarios/PutServerMetadata.jmx
2019-08-27 11:12:14,178 INFO o.a.j.s.FileServer: Set new base='/Users/tetianakorchak/Documents/jmeter/JMeter-scenarios'
2019-08-27 11:12:15,398 WARN o.a.j.g.t.JMeterTreeNode: getIcon(): Can't obtain GUI class from class org.apache.jmeter.modifiers.BSFPreProcessor
2019-08-27 11:12:15,399 WARN o.a.j.g.t.JMeterTreeNode: getIcon(): Can't obtain GUI class from class org.apache.jmeter.modifiers.BSFPreProcessor
2019-08-27 11:12:15,529 WARN o.a.j.g.t.JMeterTreeNode: getIcon(): Can't obtain GUI class from class org.apache.jmeter.modifiers.BSFPreProcessor
2019-08-27 11:12:16,320 WARN o.a.j.g.t.JMeterTreeNode: getIcon(): Can't obtain GUI class from class org.apache.jmeter.modifiers.BSFPreProcessor
2019-08-27 11:12:16,393 WARN o.a.j.g.t.JMeterTreeNode: getIcon(): Can't obtain GUI class from class org.apache.jmeter.modifiers.BSFPreProcessor
2019-08-27 11:12:17,167 WARN o.a.j.g.t.JMeterTreeNode: getIcon(): Can't obtain GUI class from class org.apache.jmeter.modifiers.BSFPreProcessor
2019-08-27 11:12:17,266 WARN o.a.j.g.t.JMeterTreeNode: getIcon(): Can't obtain GUI class from class org.apache.jmeter.modifiers.BSFPreProcessor
2019-08-27 11:12:18,262 WARN o.a.j.g.t.JMeterTreeNode: getIcon(): Can't obtain GUI class from class org.apache.jmeter.modifiers.BSFPreProcessor
2019-08-27 11:12:18,314 WARN o.a.j.g.t.JMeterTreeNode: getIcon(): Can't obtain GUI class from class org.apache.jmeter.modifiers.BSFPreProcessor
2019-08-27 11:12:19,771 WARN o.a.j.g.t.JMeterTreeNode: getIcon(): Can't obtain GUI class from class org.apache.jmeter.modifiers.BSFPreProcessor
2019-08-27 11:12:22,715 WARN o.a.j.g.t.JMeterTreeNode: getIcon(): Can't obtain GUI class from class org.apache.jmeter.modifiers.BSFPreProcessor
2019-08-27 11:12:22,716 WARN o.a.j.g.t.JMeterTreeNode: getIcon(): Can't obtain GUI class from class org.apache.jmeter.modifiers.BSFPreProcessor
2019-08-27 11:12:22,717 WARN o.a.j.g.t.JMeterTreeNode: getIcon(): Can't obtain GUI class from class org.apache.jmeter.modifiers.BSFPreProcessor
2019-08-27 11:12:22,825 WARN o.a.j.g.t.JMeterTreeNode: getIcon(): Can't obtain GUI class from class org.apache.jmeter.modifiers.BSFPreProcessor
2019-08-27 11:12:22,825 WARN o.a.j.g.t.JMeterTreeNode: getIcon(): Can't obtain GUI class from class org.apache.jmeter.modifiers.BSFPreProcessor
2019-08-27 11:12:23,478 WARN o.a.j.g.t.JMeterTreeNode: getIcon(): Can't obtain GUI class from class org.apache.jmeter.modifiers.BSFPreProcessor
2019-08-27 11:12:23,478 WARN o.a.j.g.t.JMeterTreeNode: getIcon(): Can't obtain GUI class from class org.apache.jmeter.modifiers.BSFPreProcessor
2019-08-27 11:12:23,591 WARN o.a.j.g.t.JMeterTreeNode: getIcon(): Can't obtain GUI class from class org.apache.jmeter.modifiers.BSFPreProcessor
2019-08-27 11:12:23,591 WARN o.a.j.g.t.JMeterTreeNode: getIcon(): Can't obtain GUI class from class org.apache.jmeter.modifiers.BSFPreProcessor
2019-08-27 11:12:25,077 WARN o.a.j.g.t.JMeterTreeNode: getIcon(): Can't obtain GUI class from class org.apache.jmeter.modifiers.BSFPreProcessor
2019-08-27 11:12:25,545 WARN o.a.j.g.t.JMeterTreeNode: getIcon(): Can't obtain GUI class from class org.apache.jmeter.modifiers.BSFPreProcessor
2019-08-27 11:12:25,546 WARN o.a.j.g.t.JMeterTreeNode: getIcon(): Can't obtain GUI class from class org.apache.jmeter.modifiers.BSFPreProcessor
2019-08-27 11:12:26,840 WARN o.a.j.g.t.JMeterTreeNode: getIcon(): Can't obtain GUI class from class org.apache.jmeter.modifiers.BSFPreProcessor
2019-08-27 11:12:26,840 WARN o.a.j.g.t.JMeterTreeNode: getIcon(): Can't obtain GUI class from class org.apache.jmeter.modifiers.BSFPreProcessor
2019-08-27 11:12:27,497 WARN o.a.j.g.t.JMeterTreeNode: getIcon(): Can't obtain GUI class from class org.apache.jmeter.modifiers.BSFPreProcessor
2019-08-27 11:12:27,497 WARN o.a.j.g.t.JMeterTreeNode: getIcon(): Can't obtain GUI class from class org.apache.jmeter.modifiers.BSFPreProcessor
2019-08-27 11:12:43,914 INFO o.a.j.g.a.Load: Loading file: /Users/tetianakorchak/Documents/jmeter/JMeter-scenarios/stress/DeleteUsers.jmx
2019-08-27 11:12:43,915 INFO o.a.j.s.FileServer: Set new base='/Users/tetianakorchak/Documents/jmeter/JMeter-scenarios/stress'
2019-08-27 11:12:43,915 INFO o.a.j.s.SaveService: Loading file: /Users/tetianakorchak/Documents/jmeter/JMeter-scenarios/stress/DeleteUsers.jmx
2019-08-27 11:12:44,334 INFO o.a.j.s.FileServer: Set new base='/Users/tetianakorchak/Documents/jmeter/JMeter-scenarios/stress'
2019-08-27 11:12:47,453 WARN o.a.j.g.t.JMeterTreeNode: getIcon(): Can't obtain GUI class from class org.apache.jmeter.modifiers.BSFPreProcessor
2019-08-27 11:12:47,454 WARN o.a.j.g.t.JMeterTreeNode: getIcon(): Can't obtain GUI class from class org.apache.jmeter.modifiers.BSFPreProcessor
2019-08-27 11:12:47,574 WARN o.a.j.g.t.JMeterTreeNode: getIcon(): Can't obtain GUI class from class org.apache.jmeter.modifiers.BSFPreProcessor
2019-08-27 11:12:48,320 WARN o.a.j.g.t.JMeterTreeNode: getIcon(): Can't obtain GUI class from class org.apache.jmeter.modifiers.BSFPreProcessor
2019-08-27 11:12:50,887 WARN o.a.j.g.t.JMeterTreeNode: getIcon(): Can't obtain GUI class from class org.apache.jmeter.modifiers.BSFPreProcessor
2019-08-27 11:12:51,884 WARN o.a.j.g.t.JMeterTreeNode: getIcon(): Can't obtain GUI class from class org.apache.jmeter.modifiers.BSFPreProcessor
2019-08-27 11:12:53,211 WARN o.a.j.g.t.JMeterTreeNode: getIcon(): Can't obtain GUI class from class org.apache.jmeter.modifiers.BSFPreProcessor
2019-08-27 11:12:54,287 WARN o.a.j.g.t.JMeterTreeNode: getIcon(): Can't obtain GUI class from class org.apache.jmeter.modifiers.BSFPreProcessor
2019-08-27 11:12:54,291 WARN o.a.j.g.t.JMeterTreeNode: getIcon(): Can't obtain GUI class from class org.apache.jmeter.modifiers.BSFPreProcessor
2019-08-27 11:12:54,307 WARN o.a.j.g.t.JMeterTreeNode: getIcon(): Can't obtain GUI class from class org.apache.jmeter.modifiers.BSFPreProcessor
2019-08-27 11:12:54,393 WARN o.a.j.g.t.JMeterTreeNode: getIcon(): Can't obtain GUI class from class org.apache.jmeter.modifiers.BSFPreProcessor
2019-08-27 11:12:55,956 WARN o.a.j.g.t.JMeterTreeNode: getIcon(): Can't obtain GUI class from class org.apache.jmeter.modifiers.BSFPreProcessor
2019-08-27 11:12:56,039 WARN o.a.j.g.t.JMeterTreeNode: getIcon(): Can't obtain GUI class from class org.apache.jmeter.modifiers.BSFPreProcessor
2019-08-27 11:12:58,687 WARN o.a.j.g.t.JMeterTreeNode: getIcon(): Can't obtain GUI class from class org.apache.jmeter.modifiers.BSFPreProcessor
2019-08-27 11:12:58,787 WARN o.a.j.g.t.JMeterTreeNode: getIcon(): Can't obtain GUI class from class org.apache.jmeter.modifiers.BSFPreProcessor
2019-08-27 11:12:58,836 WARN o.a.j.g.t.JMeterTreeNode: getIcon(): Can't obtain GUI class from class org.apache.jmeter.modifiers.BSFPreProcessor
2019-08-27 11:13:02,427 WARN o.a.j.g.t.JMeterTreeNode: getIcon(): Can't obtain GUI class from class org.apache.jmeter.modifiers.BSFPreProcessor
2019-08-27 11:13:02,430 WARN o.a.j.g.t.JMeterTreeNode: getIcon(): Can't obtain GUI class from class org.apache.jmeter.modifiers.BSFPreProcessor
2019-08-27 11:13:02,458 INFO o.a.j.g.a.Load: Loading file: /Users/tetianakorchak/Documents/jmeter/JMeter-scenarios/stress/TwoTenantLogin.jmx
2019-08-27 11:13:02,458 INFO o.a.j.s.FileServer: Set new base='/Users/tetianakorchak/Documents/jmeter/JMeter-scenarios/stress'
2019-08-27 11:13:02,458 INFO o.a.j.s.SaveService: Loading file: /Users/tetianakorchak/Documents/jmeter/JMeter-scenarios/stress/TwoTenantLogin.jmx
2019-08-27 11:13:03,269 INFO o.a.j.s.FileServer: Set new base='/Users/tetianakorchak/Documents/jmeter/JMeter-scenarios/stress'
2019-08-27 11:13:22,110 INFO o.a.j.g.a.Load: Loading file: /Users/tetianakorchak/Documents/jmeter/JMeter-scenarios/DeleteUsers.jmx
2019-08-27 11:13:22,112 INFO o.a.j.s.FileServer: Set new base='/Users/tetianakorchak/Documents/jmeter/JMeter-scenarios'
2019-08-27 11:13:22,112 INFO o.a.j.s.SaveService: Loading file: /Users/tetianakorchak/Documents/jmeter/JMeter-scenarios/DeleteUsers.jmx
2019-08-27 11:13:22,505 INFO o.a.j.s.FileServer: Set new base='/Users/tetianakorchak/Documents/jmeter/JMeter-scenarios'
