2019-08-06 13:20:38,381 INFO o.a.j.u.JMeterUtils: Setting Locale to en_EN
2019-08-06 13:20:38,452 INFO o.a.j.JMeter: Loading user properties from: /usr/local/Cellar/jmeter/5.1.1/libexec/bin/user.properties
2019-08-06 13:20:38,452 INFO o.a.j.JMeter: Loading system properties from: /usr/local/Cellar/jmeter/5.1.1/libexec/bin/system.properties
2019-08-06 13:20:38,463 INFO o.a.j.JMeter: Copyright (c) 1998-2019 The Apache Software Foundation
2019-08-06 13:20:38,463 INFO o.a.j.JMeter: Version 5.1.1 r1855137
2019-08-06 13:20:38,464 INFO o.a.j.JMeter: java.version=10.0.1
2019-08-06 13:20:38,464 INFO o.a.j.JMeter: java.vm.name=Java HotSpot(TM) 64-Bit Server VM
2019-08-06 13:20:38,464 INFO o.a.j.JMeter: os.name=Mac OS X
2019-08-06 13:20:38,464 INFO o.a.j.JMeter: os.arch=x86_64
2019-08-06 13:20:38,464 INFO o.a.j.JMeter: os.version=10.14.3
2019-08-06 13:20:38,464 INFO o.a.j.JMeter: file.encoding=UTF-8
2019-08-06 13:20:38,464 INFO o.a.j.JMeter: java.awt.headless=true
2019-08-06 13:20:38,464 INFO o.a.j.JMeter: Max memory     =1073741824
2019-08-06 13:20:38,464 INFO o.a.j.JMeter: Available Processors =4
2019-08-06 13:20:38,478 INFO o.a.j.JMeter: Default Locale=English (EN)
2019-08-06 13:20:38,478 INFO o.a.j.JMeter: JMeter  Locale=English (EN)
2019-08-06 13:20:38,478 INFO o.a.j.JMeter: JMeterHome=/usr/local/Cellar/jmeter/5.1.1/libexec
2019-08-06 13:20:38,479 INFO o.a.j.JMeter: user.dir  =/Users/tetianakorchak/Documents/jmeter/Robot-Framework-JMeter-Library
2019-08-06 13:20:38,479 INFO o.a.j.JMeter: PWD       =/Users/tetianakorchak/Documents/jmeter/Robot-Framework-JMeter-Library
2019-08-06 13:20:38,481 INFO o.a.j.JMeter: IP: 10.0.0.7 Name: Tetianas-MacBook-Air.local FullName: 10.0.0.7
2019-08-06 13:20:38,489 INFO o.a.j.s.FileServer: Default base='/Users/tetianakorchak/Documents/jmeter/Robot-Framework-JMeter-Library'
2019-08-06 13:20:38,492 INFO o.a.j.s.FileServer: Set new base='/Users/tetianakorchak/Documents/jmeter/Robot-Framework-JMeter-Library'
2019-08-06 13:20:38,731 INFO o.a.j.s.SaveService: Testplan (JMX) version: 2.2. Testlog (JTL) version: 2.2
2019-08-06 13:20:38,765 INFO o.a.j.s.SaveService: Using SaveService properties version 5.0
2019-08-06 13:20:38,772 INFO o.a.j.s.SaveService: Using SaveService properties file encoding UTF-8
2019-08-06 13:20:38,779 INFO o.a.j.s.SaveService: Loading file: proba.jmx
2019-08-06 13:20:38,867 INFO o.a.j.p.h.s.HTTPSamplerBase: Parser for text/html is org.apache.jmeter.protocol.http.parser.LagartoBasedHtmlParser
2019-08-06 13:20:38,867 INFO o.a.j.p.h.s.HTTPSamplerBase: Parser for application/xhtml+xml is org.apache.jmeter.protocol.http.parser.LagartoBasedHtmlParser
2019-08-06 13:20:38,867 INFO o.a.j.p.h.s.HTTPSamplerBase: Parser for application/xml is org.apache.jmeter.protocol.http.parser.LagartoBasedHtmlParser
2019-08-06 13:20:38,867 INFO o.a.j.p.h.s.HTTPSamplerBase: Parser for text/xml is org.apache.jmeter.protocol.http.parser.LagartoBasedHtmlParser
2019-08-06 13:20:38,867 INFO o.a.j.p.h.s.HTTPSamplerBase: Parser for text/vnd.wap.wml is org.apache.jmeter.protocol.http.parser.RegexpHTMLParser
2019-08-06 13:20:38,867 INFO o.a.j.p.h.s.HTTPSamplerBase: Parser for text/css is org.apache.jmeter.protocol.http.parser.CssParser
2019-08-06 13:20:38,896 INFO o.a.j.JMeter: Creating summariser <summary>
2019-08-06 13:20:38,902 INFO o.a.j.e.StandardJMeterEngine: Running the test!
2019-08-06 13:20:38,909 INFO o.a.j.s.SampleEvent: List of sample_variables: []
2019-08-06 13:20:38,909 INFO o.a.j.s.SampleEvent: List of sample_variables: []
2019-08-06 13:20:38,918 INFO o.a.j.e.u.CompoundVariable: Note: Function class names must contain the string: '.functions.'
2019-08-06 13:20:38,918 INFO o.a.j.e.u.CompoundVariable: Note: Function class names must not contain the string: '.gui.'
2019-08-06 13:20:39,467 INFO o.a.j.JMeter: Running test (1565115639467)
2019-08-06 13:20:39,510 INFO o.a.j.e.StandardJMeterEngine: Starting ThreadGroup: 1 : Thread Group
2019-08-06 13:20:39,510 INFO o.a.j.e.StandardJMeterEngine: Starting 1 threads for group Thread Group.
2019-08-06 13:20:39,510 INFO o.a.j.e.StandardJMeterEngine: Thread will continue on error
2019-08-06 13:20:39,511 INFO o.a.j.t.ThreadGroup: Starting thread group... number=1 threads=1 ramp-up=1 delayedStart=false
2019-08-06 13:20:39,518 INFO o.a.j.t.ThreadGroup: Started thread group number 1
2019-08-06 13:20:39,518 INFO o.a.j.e.StandardJMeterEngine: All thread groups have been started
2019-08-06 13:20:39,527 INFO o.a.j.t.JMeterThread: Thread started: Thread Group 1-1
2019-08-06 13:20:39,559 INFO o.a.j.p.h.s.HTTPHCAbstractImpl: Local host = Tetianas-MacBook-Air.local
2019-08-06 13:20:39,573 INFO o.a.j.p.h.s.HTTPHC4Impl: HTTP request retry count = 0
2019-08-06 13:20:39,577 INFO o.a.j.s.SampleResult: Note: Sample TimeStamps are START times
2019-08-06 13:20:39,578 INFO o.a.j.s.SampleResult: sampleresult.default.encoding is set to ISO-8859-1
2019-08-06 13:20:39,578 INFO o.a.j.s.SampleResult: sampleresult.useNanoTime=true
2019-08-06 13:20:39,578 INFO o.a.j.s.SampleResult: sampleresult.nanoThreadSleep=5000
2019-08-06 13:20:39,924 INFO o.a.j.u.JsseSSLManager: Using default SSL protocol: TLS
2019-08-06 13:20:39,925 INFO o.a.j.u.JsseSSLManager: SSL session context: per-thread
2019-08-06 13:20:40,045 INFO o.a.j.t.JMeterThread: Thread is done: Thread Group 1-1
2019-08-06 13:20:40,045 INFO o.a.j.t.JMeterThread: Thread finished: Thread Group 1-1
2019-08-06 13:20:40,046 INFO o.a.j.e.StandardJMeterEngine: Notifying test listeners of end of test
2019-08-06 13:20:40,049 INFO o.a.j.r.Summariser: summary =      2 in 00:00:01 =    3.4/s Avg:   158 Min:   116 Max:   200 Err:     0 (0.00%)
